#
# There is insufficient memory for the Java Runtime Environment to continue.
# Native memory allocation (malloc) failed to allocate 55808 bytes for Chunk::new
# Possible reasons:
#   The system is out of physical RAM or swap space
#   The process is running with CompressedOops enabled, and the Java Heap may be blocking the growth of the native heap
# Possible solutions:
#   Reduce memory load on the system
#   Increase physical memory or swap space
#   Check if swap backing store is full
#   Decrease Java heap size (-Xmx/-Xms)
#   Decrease number of Java threads
#   Decrease Java thread stack sizes (-Xss)
#   Set larger code cache with -XX:ReservedCodeCacheSize=
#   JVM is running with Unscaled Compressed Oops mode in which the Java heap is
#     placed in the first 4GB address space. The Java Heap base address is the
#     maximum limit for the native heap growth. Please use -XX:HeapBaseMinAddress
#     to set the Java Heap base and to place the Java Heap above 4GB virtual address.
# This output file may be truncated or incomplete.
#
#  Out of Memory Error (arena.cpp:168), pid=8704, tid=4288
#
# JRE version: Java(TM) SE Runtime Environment (21.0.5+9) (build 21.0.5+9-LTS-239)
# Java VM: Java HotSpot(TM) 64-Bit Server VM (21.0.5+9-LTS-239, mixed mode, sharing, tiered, compressed oops, compressed class ptrs, g1 gc, windows-amd64)
# No core dump will be written. Minidumps are not enabled by default on client versions of Windows
#

---------------  S U M M A R Y ------------

Command Line: -javaagent:C:\Program Files\JetBrains\IntelliJ IDEA Community Edition 2024.3.3\lib\idea_rt.jar=61284:C:\Program Files\JetBrains\IntelliJ IDEA Community Edition 2024.3.3\bin -Dfile.encoding=UTF-8 -Dsun.stdout.encoding=UTF-8 -Dsun.stderr.encoding=UTF-8 com.iCare.User_Service.UserServiceApplication

Host: AMD Ryzen 5 5600H with Radeon Graphics         , 12 cores, 7G,  Windows 11 , 64 bit Build 26100 (10.0.26100.7019)
Time: Sat Dec  6 14:25:39 2025 India Standard Time elapsed time: 12484.806751 seconds (0d 3h 28m 4s)

---------------  T H R E A D  ---------------

Current thread (0x000002a7d6acccc0):  JavaThread "C2 CompilerThread0" daemon [_thread_in_native, id=4288, stack(0x000000d9e2a00000,0x000000d9e2b00000) (1024K)]


Current CompileTask:
C2:12484806 9556       4       com.mysql.cj.protocol.a.NativePacketPayload::writeInteger (745 bytes)

Stack: [0x000000d9e2a00000,0x000000d9e2b00000]
Native frames: (J=compiled Java code, j=interpreted, Vv=VM code, C=native code)
V  [jvm.dll+0x6ca289]
V  [jvm.dll+0x854a51]
V  [jvm.dll+0x856f7e]
V  [jvm.dll+0x857653]
V  [jvm.dll+0x27dd26]
V  [jvm.dll+0xc4c2d]
V  [jvm.dll+0xc5163]
V  [jvm.dll+0x3b4d3c]
V  [jvm.dll+0x1df28b]
V  [jvm.dll+0x246a62]
V  [jvm.dll+0x245eef]
V  [jvm.dll+0x1c6d0e]
V  [jvm.dll+0x2554d9]
V  [jvm.dll+0x253a6a]
V  [jvm.dll+0x3ee136]
V  [jvm.dll+0x7fee9b]
V  [jvm.dll+0x6c896d]
C  [ucrtbase.dll+0x37b0]
C  [KERNEL32.DLL+0x2e8d7]
C  [ntdll.dll+0x8c53c]


---------------  P R O C E S S  ---------------

Threads class SMR info:
_java_thread_list=0x000002a81c17f1a0, length=33, elements={
0x000002a7d6abed90, 0x000002a7d6abf7e0, 0x000002a7d6ac2b90, 0x000002a7d6ac3840,
0x000002a7d6ac68e0, 0x000002a7d6ac8780, 0x000002a7d6acccc0, 0x000002a7d6ad1250,
0x000002a81c1f4210, 0x000002a81c340790, 0x000002a81c7bcca0, 0x000002a81e4c1be0,
0x000002a81e4c4340, 0x000002a81e4c49d0, 0x000002a81e4c2270, 0x000002a81e4c3cb0,
0x000002a81e4c2f90, 0x000002a81e4c3620, 0x000002a8201c9ae0, 0x000002a8201cae90,
0x000002a8201ca800, 0x000002a8201cb520, 0x000002a8201c80a0, 0x000002a8201ca170,
0x000002a8201cbbb0, 0x000002a8201c9450, 0x000002a8201c8730, 0x000002a8201c8dc0,
0x000002a8201ccf60, 0x000002a8201cc8d0, 0x000002a8201cc240, 0x000002a821530f80,
0x000002a82152f540
}

Java Threads: ( => current thread )
  0x000002a7d6abed90 JavaThread "Reference Handler"          daemon [_thread_blocked, id=14836, stack(0x000000d9e2400000,0x000000d9e2500000) (1024K)]
  0x000002a7d6abf7e0 JavaThread "Finalizer"                  daemon [_thread_blocked, id=10940, stack(0x000000d9e2500000,0x000000d9e2600000) (1024K)]
  0x000002a7d6ac2b90 JavaThread "Signal Dispatcher"          daemon [_thread_blocked, id=4484, stack(0x000000d9e2600000,0x000000d9e2700000) (1024K)]
  0x000002a7d6ac3840 JavaThread "Attach Listener"            daemon [_thread_blocked, id=23636, stack(0x000000d9e2700000,0x000000d9e2800000) (1024K)]
  0x000002a7d6ac68e0 JavaThread "Service Thread"             daemon [_thread_blocked, id=5452, stack(0x000000d9e2800000,0x000000d9e2900000) (1024K)]
  0x000002a7d6ac8780 JavaThread "Monitor Deflation Thread"   daemon [_thread_blocked, id=10600, stack(0x000000d9e2900000,0x000000d9e2a00000) (1024K)]
=>0x000002a7d6acccc0 JavaThread "C2 CompilerThread0"         daemon [_thread_in_native, id=4288, stack(0x000000d9e2a00000,0x000000d9e2b00000) (1024K)]
  0x000002a7d6ad1250 JavaThread "C1 CompilerThread0"         daemon [_thread_blocked, id=18668, stack(0x000000d9e2b00000,0x000000d9e2c00000) (1024K)]
  0x000002a81c1f4210 JavaThread "Common-Cleaner"             daemon [_thread_blocked, id=8940, stack(0x000000d9e2c00000,0x000000d9e2d00000) (1024K)]
  0x000002a81c340790 JavaThread "Monitor Ctrl-Break"         daemon [_thread_in_native, id=8840, stack(0x000000d9e2e00000,0x000000d9e2f00000) (1024K)]
  0x000002a81c7bcca0 JavaThread "Notification Thread"        daemon [_thread_blocked, id=9744, stack(0x000000d9e2f00000,0x000000d9e3000000) (1024K)]
  0x000002a81e4c1be0 JavaThread "Catalina-utility-1"                [_thread_blocked, id=14648, stack(0x000000d9e3e00000,0x000000d9e3f00000) (1024K)]
  0x000002a81e4c4340 JavaThread "Catalina-utility-2"                [_thread_blocked, id=18000, stack(0x000000d9e3f00000,0x000000d9e4000000) (1024K)]
  0x000002a81e4c49d0 JavaThread "container-0"                       [_thread_blocked, id=12696, stack(0x000000d9e4000000,0x000000d9e4100000) (1024K)]
  0x000002a81e4c2270 JavaThread "mysql-cj-abandoned-connection-cleanup" daemon [_thread_blocked, id=17704, stack(0x000000d9e4100000,0x000000d9e4200000) (1024K)]
  0x000002a81e4c3cb0 JavaThread "HikariPool-1:housekeeper"   daemon [_thread_blocked, id=4500, stack(0x000000d9e3800000,0x000000d9e3900000) (1024K)]
  0x000002a81e4c2f90 JavaThread "Live Reload Server"         daemon [_thread_in_native, id=14668, stack(0x000000d9e4300000,0x000000d9e4400000) (1024K)]
  0x000002a81e4c3620 JavaThread "File Watcher"               daemon [_thread_blocked, id=23852, stack(0x000000d9e4400000,0x000000d9e4500000) (1024K)]
  0x000002a8201c9ae0 JavaThread "http-nio-8081-exec-1"       daemon [_thread_blocked, id=23620, stack(0x000000d9e4600000,0x000000d9e4700000) (1024K)]
  0x000002a8201cae90 JavaThread "http-nio-8081-exec-2"       daemon [_thread_blocked, id=10464, stack(0x000000d9e4700000,0x000000d9e4800000) (1024K)]
  0x000002a8201ca800 JavaThread "http-nio-8081-exec-3"       daemon [_thread_blocked, id=2328, stack(0x000000d9e4800000,0x000000d9e4900000) (1024K)]
  0x000002a8201cb520 JavaThread "http-nio-8081-exec-4"       daemon [_thread_blocked, id=3024, stack(0x000000d9e4900000,0x000000d9e4a00000) (1024K)]
  0x000002a8201c80a0 JavaThread "http-nio-8081-exec-5"       daemon [_thread_blocked, id=23516, stack(0x000000d9e4a00000,0x000000d9e4b00000) (1024K)]
  0x000002a8201ca170 JavaThread "http-nio-8081-exec-6"       daemon [_thread_blocked, id=3236, stack(0x000000d9e4b00000,0x000000d9e4c00000) (1024K)]
  0x000002a8201cbbb0 JavaThread "http-nio-8081-exec-7"       daemon [_thread_blocked, id=17372, stack(0x000000d9e4c00000,0x000000d9e4d00000) (1024K)]
  0x000002a8201c9450 JavaThread "http-nio-8081-exec-8"       daemon [_thread_blocked, id=20044, stack(0x000000d9e4d00000,0x000000d9e4e00000) (1024K)]
  0x000002a8201c8730 JavaThread "http-nio-8081-exec-9"       daemon [_thread_blocked, id=25180, stack(0x000000d9e4e00000,0x000000d9e4f00000) (1024K)]
  0x000002a8201c8dc0 JavaThread "http-nio-8081-exec-10"      daemon [_thread_blocked, id=7680, stack(0x000000d9e4f00000,0x000000d9e5000000) (1024K)]
  0x000002a8201ccf60 JavaThread "http-nio-8081-Poller"       daemon [_thread_in_native, id=20036, stack(0x000000d9e5000000,0x000000d9e5100000) (1024K)]
  0x000002a8201cc8d0 JavaThread "http-nio-8081-Acceptor"     daemon [_thread_in_native, id=20836, stack(0x000000d9e5100000,0x000000d9e5200000) (1024K)]
  0x000002a8201cc240 JavaThread "DestroyJavaVM"                     [_thread_blocked, id=25108, stack(0x000000d9e1c00000,0x000000d9e1d00000) (1024K)]
  0x000002a821530f80 JavaThread "HikariPool-1:connection-closer" daemon [_thread_blocked, id=25960, stack(0x000000d9e1900000,0x000000d9e1a00000) (1024K)]
  0x000002a82152f540 JavaThread "HikariPool-1:connection-adder" daemon [_thread_blocked, id=21300, stack(0x000000d9e1a00000,0x000000d9e1b00000) (1024K)]
Total: 33

Other Threads:
  0x000002a7d6a9dd90 VMThread "VM Thread"                           [id=18008, stack(0x000000d9e2300000,0x000000d9e2400000) (1024K)]
  0x000002a7d6a8d4d0 WatcherThread "VM Periodic Task Thread"        [id=9460, stack(0x000000d9e2200000,0x000000d9e2300000) (1024K)]
  0x000002a7ba0133b0 WorkerThread "GC Thread#0"                     [id=25132, stack(0x000000d9e1d00000,0x000000d9e1e00000) (1024K)]
  0x000002a81c8afe80 WorkerThread "GC Thread#1"                     [id=9356, stack(0x000000d9e3000000,0x000000d9e3100000) (1024K)]
  0x000002a81cb98a10 WorkerThread "GC Thread#2"                     [id=19896, stack(0x000000d9e3100000,0x000000d9e3200000) (1024K)]
  0x000002a81cbe9220 WorkerThread "GC Thread#3"                     [id=2464, stack(0x000000d9e3200000,0x000000d9e3300000) (1024K)]
  0x000002a81cc1ac30 WorkerThread "GC Thread#4"                     [id=25464, stack(0x000000d9e3300000,0x000000d9e3400000) (1024K)]
  0x000002a81cda85a0 WorkerThread "GC Thread#5"                     [id=18984, stack(0x000000d9e3400000,0x000000d9e3500000) (1024K)]
  0x000002a81cda8940 WorkerThread "GC Thread#6"                     [id=25136, stack(0x000000d9e3500000,0x000000d9e3600000) (1024K)]
  0x000002a81d4e2840 WorkerThread "GC Thread#7"                     [id=21388, stack(0x000000d9e3900000,0x000000d9e3a00000) (1024K)]
  0x000002a81d0de390 WorkerThread "GC Thread#8"                     [id=25584, stack(0x000000d9e3a00000,0x000000d9e3b00000) (1024K)]
  0x000002a81d8282c0 WorkerThread "GC Thread#9"                     [id=9040, stack(0x000000d9e3b00000,0x000000d9e3c00000) (1024K)]
  0x000002a7ba0242e0 ConcurrentGCThread "G1 Main Marker"            [id=23300, stack(0x000000d9e1e00000,0x000000d9e1f00000) (1024K)]
  0x000002a7ba024de0 WorkerThread "G1 Conc#0"                       [id=24780, stack(0x000000d9e1f00000,0x000000d9e2000000) (1024K)]
  0x000002a81d828da0 WorkerThread "G1 Conc#1"                       [id=1576, stack(0x000000d9e3c00000,0x000000d9e3d00000) (1024K)]
  0x000002a81d829880 WorkerThread "G1 Conc#2"                       [id=12324, stack(0x000000d9e3d00000,0x000000d9e3e00000) (1024K)]
  0x000002a7d69581c0 ConcurrentGCThread "G1 Refine#0"               [id=25020, stack(0x000000d9e2000000,0x000000d9e2100000) (1024K)]
  0x000002a7d695a9f0 ConcurrentGCThread "G1 Service"                [id=20860, stack(0x000000d9e2100000,0x000000d9e2200000) (1024K)]
Total: 18

Threads with active compile tasks:
C2 CompilerThread0  12484854 9556       4       com.mysql.cj.protocol.a.NativePacketPayload::writeInteger (745 bytes)
Total: 1

VM state: not at safepoint (normal execution)

VM Mutex/Monitor currently owned by a thread: None

Heap address: 0x000000008a600000, size: 1882 MB, Compressed Oops mode: 32-bit

CDS archive(s) mapped at: [0x000002a7d7000000-0x000002a7d7c90000-0x000002a7d7c90000), size 13172736, SharedBaseAddress: 0x000002a7d7000000, ArchiveRelocationMode: 1.
Compressed class space mapped at: 0x000002a7d8000000-0x000002a818000000, reserved size: 1073741824
Narrow klass base: 0x000002a7d7000000, Narrow klass shift: 0, Narrow klass range: 0x100000000

GC Precious Log:
 CardTable entry size: 512
 Card Set container configuration: InlinePtr #cards 5 size 8 Array Of Cards #cards 12 size 40 Howl #buckets 4 coarsen threshold 1843 Howl Bitmap #cards 512 size 80 coarsen threshold 460 Card regions per heap region 1 cards per card region 2048
 CPUs: 12 total, 12 available
 Memory: 7521M
 Large Page Support: Disabled
 NUMA Support: Disabled
 Compressed Oops: Enabled (32-bit)
 Heap Region Size: 1M
 Heap Min Capacity: 8M
 Heap Initial Capacity: 118M
 Heap Max Capacity: 1882M
 Pre-touch: Disabled
 Parallel Workers: 10
 Concurrent Workers: 3
 Concurrent Refinement Workers: 10
 Periodic GC: Disabled

Heap:
 garbage-first heap   total 100352K, used 57809K [0x000000008a600000, 0x0000000100000000)
  region size 1024K, 19 young (19456K), 3 survivors (3072K)
 Metaspace       used 90999K, committed 91648K, reserved 1179648K
  class space    used 12179K, committed 12480K, reserved 1048576K

Heap Regions: E=young(eden), S=young(survivor), O=old, HS=humongous(starts), HC=humongous(continues), CS=collection set, F=free, TAMS=top-at-mark-start, PB=parsable bottom
|   0|0x000000008a600000, 0x000000008a700000, 0x000000008a700000|100%|HS|  |TAMS 0x000000008a600000| PB 0x000000008a600000| Complete 
|   1|0x000000008a700000, 0x000000008a800000, 0x000000008a800000|100%|HS|  |TAMS 0x000000008a700000| PB 0x000000008a700000| Complete 
|   2|0x000000008a800000, 0x000000008a900000, 0x000000008a900000|100%|HS|  |TAMS 0x000000008a800000| PB 0x000000008a800000| Complete 
|   3|0x000000008a900000, 0x000000008aa00000, 0x000000008aa00000|100%| O|  |TAMS 0x000000008a900000| PB 0x000000008a900000| Untracked 
|   4|0x000000008aa00000, 0x000000008ab00000, 0x000000008ab00000|100%| O|  |TAMS 0x000000008aa00000| PB 0x000000008aa00000| Untracked 
|   5|0x000000008ab00000, 0x000000008ac00000, 0x000000008ac00000|100%| O|  |TAMS 0x000000008ab00000| PB 0x000000008ab00000| Untracked 
|   6|0x000000008ac00000, 0x000000008ad00000, 0x000000008ad00000|100%| O|  |TAMS 0x000000008ac00000| PB 0x000000008ac00000| Untracked 
|   7|0x000000008ad00000, 0x000000008ae00000, 0x000000008ae00000|100%| O|  |TAMS 0x000000008ad00000| PB 0x000000008ad00000| Untracked 
|   8|0x000000008ae00000, 0x000000008af00000, 0x000000008af00000|100%| O|  |TAMS 0x000000008ae00000| PB 0x000000008ae00000| Untracked 
|   9|0x000000008af00000, 0x000000008b000000, 0x000000008b000000|100%| O|  |TAMS 0x000000008af00000| PB 0x000000008af00000| Untracked 
|  10|0x000000008b000000, 0x000000008b100000, 0x000000008b100000|100%| O|  |TAMS 0x000000008b000000| PB 0x000000008b000000| Untracked 
|  11|0x000000008b100000, 0x000000008b200000, 0x000000008b200000|100%| O|  |TAMS 0x000000008b100000| PB 0x000000008b100000| Untracked 
|  12|0x000000008b200000, 0x000000008b300000, 0x000000008b300000|100%| O|  |TAMS 0x000000008b200000| PB 0x000000008b200000| Untracked 
|  13|0x000000008b300000, 0x000000008b400000, 0x000000008b400000|100%| O|  |TAMS 0x000000008b300000| PB 0x000000008b300000| Untracked 
|  14|0x000000008b400000, 0x000000008b500000, 0x000000008b500000|100%| O|  |TAMS 0x000000008b400000| PB 0x000000008b400000| Untracked 
|  15|0x000000008b500000, 0x000000008b600000, 0x000000008b600000|100%| O|  |TAMS 0x000000008b500000| PB 0x000000008b500000| Untracked 
|  16|0x000000008b600000, 0x000000008b700000, 0x000000008b700000|100%| O|  |TAMS 0x000000008b600000| PB 0x000000008b600000| Untracked 
|  17|0x000000008b700000, 0x000000008b700000, 0x000000008b800000|  0%| F|  |TAMS 0x000000008b700000| PB 0x000000008b700000| Untracked 
|  18|0x000000008b800000, 0x000000008b900000, 0x000000008b900000|100%| O|  |TAMS 0x000000008b800000| PB 0x000000008b800000| Untracked 
|  19|0x000000008b900000, 0x000000008ba00000, 0x000000008ba00000|100%| O|  |TAMS 0x000000008b900000| PB 0x000000008b900000| Untracked 
|  20|0x000000008ba00000, 0x000000008bb00000, 0x000000008bb00000|100%| O|  |TAMS 0x000000008ba00000| PB 0x000000008ba00000| Untracked 
|  21|0x000000008bb00000, 0x000000008bb1a118, 0x000000008bc00000| 10%| O|  |TAMS 0x000000008bb00000| PB 0x000000008bb00000| Untracked 
|  22|0x000000008bc00000, 0x000000008bc00000, 0x000000008bd00000|  0%| F|  |TAMS 0x000000008bc00000| PB 0x000000008bc00000| Untracked 
|  23|0x000000008bd00000, 0x000000008be00000, 0x000000008be00000|100%| O|Cm|TAMS 0x000000008bd00000| PB 0x000000008bd00000| Complete 
|  24|0x000000008be00000, 0x000000008bf00000, 0x000000008bf00000|100%| O|  |TAMS 0x000000008be00000| PB 0x000000008be00000| Untracked 
|  25|0x000000008bf00000, 0x000000008c000000, 0x000000008c000000|100%| O|  |TAMS 0x000000008bf00000| PB 0x000000008bf00000| Untracked 
|  26|0x000000008c000000, 0x000000008c100000, 0x000000008c100000|100%| O|  |TAMS 0x000000008c000000| PB 0x000000008c000000| Untracked 
|  27|0x000000008c100000, 0x000000008c200000, 0x000000008c200000|100%| O|  |TAMS 0x000000008c100000| PB 0x000000008c100000| Untracked 
|  28|0x000000008c200000, 0x000000008c300000, 0x000000008c300000|100%| O|  |TAMS 0x000000008c200000| PB 0x000000008c200000| Untracked 
|  29|0x000000008c300000, 0x000000008c400000, 0x000000008c400000|100%| O|Cm|TAMS 0x000000008c300000| PB 0x000000008c300000| Complete 
|  30|0x000000008c400000, 0x000000008c500000, 0x000000008c500000|100%| O|  |TAMS 0x000000008c400000| PB 0x000000008c400000| Untracked 
|  31|0x000000008c500000, 0x000000008c600000, 0x000000008c600000|100%| O|  |TAMS 0x000000008c500000| PB 0x000000008c500000| Untracked 
|  32|0x000000008c600000, 0x000000008c700000, 0x000000008c700000|100%| O|  |TAMS 0x000000008c600000| PB 0x000000008c600000| Untracked 
|  33|0x000000008c700000, 0x000000008c800000, 0x000000008c800000|100%| O|  |TAMS 0x000000008c700000| PB 0x000000008c700000| Untracked 
|  34|0x000000008c800000, 0x000000008c900000, 0x000000008c900000|100%| O|  |TAMS 0x000000008c800000| PB 0x000000008c800000| Untracked 
|  35|0x000000008c900000, 0x000000008ca00000, 0x000000008ca00000|100%| O|  |TAMS 0x000000008c900000| PB 0x000000008c900000| Untracked 
|  36|0x000000008ca00000, 0x000000008ca00000, 0x000000008cb00000|  0%| F|  |TAMS 0x000000008ca00000| PB 0x000000008ca00000| Untracked 
|  37|0x000000008cb00000, 0x000000008cc00000, 0x000000008cc00000|100%| O|  |TAMS 0x000000008cb00000| PB 0x000000008cb00000| Untracked 
|  38|0x000000008cc00000, 0x000000008cd00000, 0x000000008cd00000|100%| O|  |TAMS 0x000000008cc00000| PB 0x000000008cc00000| Untracked 
|  39|0x000000008cd00000, 0x000000008cd00000, 0x000000008ce00000|  0%| F|  |TAMS 0x000000008cd00000| PB 0x000000008cd00000| Untracked 
|  40|0x000000008ce00000, 0x000000008ce00000, 0x000000008cf00000|  0%| F|  |TAMS 0x000000008ce00000| PB 0x000000008ce00000| Untracked 
|  41|0x000000008cf00000, 0x000000008d000000, 0x000000008d000000|100%| O|  |TAMS 0x000000008cf00000| PB 0x000000008cf00000| Untracked 
|  42|0x000000008d000000, 0x000000008d000000, 0x000000008d100000|  0%| F|  |TAMS 0x000000008d000000| PB 0x000000008d000000| Untracked 
|  43|0x000000008d100000, 0x000000008d15a3c8, 0x000000008d200000| 35%| S|CS|TAMS 0x000000008d100000| PB 0x000000008d100000| Complete 
|  44|0x000000008d200000, 0x000000008d300000, 0x000000008d300000|100%| S|CS|TAMS 0x000000008d200000| PB 0x000000008d200000| Complete 
|  45|0x000000008d300000, 0x000000008d300000, 0x000000008d400000|  0%| F|  |TAMS 0x000000008d300000| PB 0x000000008d300000| Untracked 
|  46|0x000000008d400000, 0x000000008d500000, 0x000000008d500000|100%| O|  |TAMS 0x000000008d400000| PB 0x000000008d400000| Untracked 
|  47|0x000000008d500000, 0x000000008d600000, 0x000000008d600000|100%| O|  |TAMS 0x000000008d500000| PB 0x000000008d500000| Untracked 
|  48|0x000000008d600000, 0x000000008d700000, 0x000000008d700000|100%| O|  |TAMS 0x000000008d600000| PB 0x000000008d600000| Untracked 
|  49|0x000000008d700000, 0x000000008d800000, 0x000000008d800000|100%| S|CS|TAMS 0x000000008d700000| PB 0x000000008d700000| Complete 
|  50|0x000000008d800000, 0x000000008d800000, 0x000000008d900000|  0%| F|  |TAMS 0x000000008d800000| PB 0x000000008d800000| Untracked 
|  51|0x000000008d900000, 0x000000008d900000, 0x000000008da00000|  0%| F|  |TAMS 0x000000008d900000| PB 0x000000008d900000| Untracked 
|  52|0x000000008da00000, 0x000000008da00000, 0x000000008db00000|  0%| F|  |TAMS 0x000000008da00000| PB 0x000000008da00000| Untracked 
|  53|0x000000008db00000, 0x000000008db00000, 0x000000008dc00000|  0%| F|  |TAMS 0x000000008db00000| PB 0x000000008db00000| Untracked 
|  54|0x000000008dc00000, 0x000000008dc00000, 0x000000008dd00000|  0%| F|  |TAMS 0x000000008dc00000| PB 0x000000008dc00000| Untracked 
|  55|0x000000008dd00000, 0x000000008dd00000, 0x000000008de00000|  0%| F|  |TAMS 0x000000008dd00000| PB 0x000000008dd00000| Untracked 
|  56|0x000000008de00000, 0x000000008de00000, 0x000000008df00000|  0%| F|  |TAMS 0x000000008de00000| PB 0x000000008de00000| Untracked 
|  57|0x000000008df00000, 0x000000008df00000, 0x000000008e000000|  0%| F|  |TAMS 0x000000008df00000| PB 0x000000008df00000| Untracked 
|  58|0x000000008e000000, 0x000000008e000000, 0x000000008e100000|  0%| F|  |TAMS 0x000000008e000000| PB 0x000000008e000000| Untracked 
|  59|0x000000008e100000, 0x000000008e100000, 0x000000008e200000|  0%| F|  |TAMS 0x000000008e100000| PB 0x000000008e100000| Untracked 
|  60|0x000000008e200000, 0x000000008e200000, 0x000000008e300000|  0%| F|  |TAMS 0x000000008e200000| PB 0x000000008e200000| Untracked 
|  61|0x000000008e300000, 0x000000008e300000, 0x000000008e400000|  0%| F|  |TAMS 0x000000008e300000| PB 0x000000008e300000| Untracked 
|  62|0x000000008e400000, 0x000000008e400000, 0x000000008e500000|  0%| F|  |TAMS 0x000000008e400000| PB 0x000000008e400000| Untracked 
|  63|0x000000008e500000, 0x000000008e500000, 0x000000008e600000|  0%| F|  |TAMS 0x000000008e500000| PB 0x000000008e500000| Untracked 
|  64|0x000000008e600000, 0x000000008e600000, 0x000000008e700000|  0%| F|  |TAMS 0x000000008e600000| PB 0x000000008e600000| Untracked 
|  65|0x000000008e700000, 0x000000008e700000, 0x000000008e800000|  0%| F|  |TAMS 0x000000008e700000| PB 0x000000008e700000| Untracked 
|  66|0x000000008e800000, 0x000000008e800000, 0x000000008e900000|  0%| F|  |TAMS 0x000000008e800000| PB 0x000000008e800000| Untracked 
|  67|0x000000008e900000, 0x000000008e900000, 0x000000008ea00000|  0%| F|  |TAMS 0x000000008e900000| PB 0x000000008e900000| Untracked 
|  68|0x000000008ea00000, 0x000000008ea00000, 0x000000008eb00000|  0%| F|  |TAMS 0x000000008ea00000| PB 0x000000008ea00000| Untracked 
|  69|0x000000008eb00000, 0x000000008eb00000, 0x000000008ec00000|  0%| F|  |TAMS 0x000000008eb00000| PB 0x000000008eb00000| Untracked 
|  70|0x000000008ec00000, 0x000000008ec00000, 0x000000008ed00000|  0%| F|  |TAMS 0x000000008ec00000| PB 0x000000008ec00000| Untracked 
|  71|0x000000008ed00000, 0x000000008ed00000, 0x000000008ee00000|  0%| F|  |TAMS 0x000000008ed00000| PB 0x000000008ed00000| Untracked 
|  72|0x000000008ee00000, 0x000000008ee00000, 0x000000008ef00000|  0%| F|  |TAMS 0x000000008ee00000| PB 0x000000008ee00000| Untracked 
|  73|0x000000008ef00000, 0x000000008ef00000, 0x000000008f000000|  0%| F|  |TAMS 0x000000008ef00000| PB 0x000000008ef00000| Untracked 
|  74|0x000000008f000000, 0x000000008f000000, 0x000000008f100000|  0%| F|  |TAMS 0x000000008f000000| PB 0x000000008f000000| Untracked 
|  75|0x000000008f100000, 0x000000008f100000, 0x000000008f200000|  0%| F|  |TAMS 0x000000008f100000| PB 0x000000008f100000| Untracked 
|  76|0x000000008f200000, 0x000000008f200000, 0x000000008f300000|  0%| F|  |TAMS 0x000000008f200000| PB 0x000000008f200000| Untracked 
|  77|0x000000008f300000, 0x000000008f300000, 0x000000008f400000|  0%| F|  |TAMS 0x000000008f300000| PB 0x000000008f300000| Untracked 
|  78|0x000000008f400000, 0x000000008f400000, 0x000000008f500000|  0%| F|  |TAMS 0x000000008f400000| PB 0x000000008f400000| Untracked 
|  79|0x000000008f500000, 0x000000008f500000, 0x000000008f600000|  0%| F|  |TAMS 0x000000008f500000| PB 0x000000008f500000| Untracked 
|  80|0x000000008f600000, 0x000000008f600000, 0x000000008f700000|  0%| F|  |TAMS 0x000000008f600000| PB 0x000000008f600000| Untracked 
|  81|0x000000008f700000, 0x000000008f700000, 0x000000008f800000|  0%| F|  |TAMS 0x000000008f700000| PB 0x000000008f700000| Untracked 
|  82|0x000000008f800000, 0x000000008f8fa118, 0x000000008f900000| 97%| E|  |TAMS 0x000000008f800000| PB 0x000000008f800000| Complete 
|  83|0x000000008f900000, 0x000000008fa00000, 0x000000008fa00000|100%| E|CS|TAMS 0x000000008f900000| PB 0x000000008f900000| Complete 
|  84|0x000000008fa00000, 0x000000008fb00000, 0x000000008fb00000|100%| E|CS|TAMS 0x000000008fa00000| PB 0x000000008fa00000| Complete 
|  85|0x000000008fb00000, 0x000000008fc00000, 0x000000008fc00000|100%| E|CS|TAMS 0x000000008fb00000| PB 0x000000008fb00000| Complete 
|  86|0x000000008fc00000, 0x000000008fd00000, 0x000000008fd00000|100%| E|CS|TAMS 0x000000008fc00000| PB 0x000000008fc00000| Complete 
|  87|0x000000008fd00000, 0x000000008fe00000, 0x000000008fe00000|100%| E|CS|TAMS 0x000000008fd00000| PB 0x000000008fd00000| Complete 
|  88|0x000000008fe00000, 0x000000008ff00000, 0x000000008ff00000|100%| E|CS|TAMS 0x000000008fe00000| PB 0x000000008fe00000| Complete 
|  89|0x000000008ff00000, 0x0000000090000000, 0x0000000090000000|100%| E|CS|TAMS 0x000000008ff00000| PB 0x000000008ff00000| Complete 
|  90|0x0000000090000000, 0x0000000090100000, 0x0000000090100000|100%| E|CS|TAMS 0x0000000090000000| PB 0x0000000090000000| Complete 
|  91|0x0000000090100000, 0x0000000090200000, 0x0000000090200000|100%| E|CS|TAMS 0x0000000090100000| PB 0x0000000090100000| Complete 
|  92|0x0000000090200000, 0x0000000090300000, 0x0000000090300000|100%| E|CS|TAMS 0x0000000090200000| PB 0x0000000090200000| Complete 
|  93|0x0000000090300000, 0x0000000090400000, 0x0000000090400000|100%| E|CS|TAMS 0x0000000090300000| PB 0x0000000090300000| Complete 
| 116|0x0000000091a00000, 0x0000000091b00000, 0x0000000091b00000|100%| E|CS|TAMS 0x0000000091a00000| PB 0x0000000091a00000| Complete 
| 117|0x0000000091b00000, 0x0000000091c00000, 0x0000000091c00000|100%| E|CS|TAMS 0x0000000091b00000| PB 0x0000000091b00000| Complete 
|1880|0x00000000ffe00000, 0x00000000fff00000, 0x00000000fff00000|100%| E|CS|TAMS 0x00000000ffe00000| PB 0x00000000ffe00000| Complete 
|1881|0x00000000fff00000, 0x0000000100000000, 0x0000000100000000|100%| E|CS|TAMS 0x00000000fff00000| PB 0x00000000fff00000| Complete 

Card table byte_map: [0x000002a7d1d40000,0x000002a7d20f0000] _byte_map_base: 0x000002a7d18ed000

Marking Bits: (CMBitMap*) 0x000002a7ba013ab0
 Bits: [0x000002a7d20f0000, 0x000002a7d3e58000)

Polling page: 0x000002a7b7ed0000

Metaspace:

Usage:
  Non-class:     76.97 MB used.
      Class:     11.89 MB used.
       Both:     88.87 MB used.

Virtual space:
  Non-class space:      128.00 MB reserved,      77.31 MB ( 60%) committed,  2 nodes.
      Class space:        1.00 GB reserved,      12.19 MB (  1%) committed,  1 nodes.
             Both:        1.12 GB reserved,      89.50 MB (  8%) committed. 

Chunk freelists:
   Non-Class:  1.88 MB
       Class:  3.73 MB
        Both:  5.60 MB

MaxMetaspaceSize: unlimited
CompressedClassSpaceSize: 1.00 GB
Initial GC threshold: 21.00 MB
Current GC threshold: 149.06 MB
CDS: on
 - commit_granule_bytes: 65536.
 - commit_granule_words: 8192.
 - virtual_space_node_default_size: 8388608.
 - enlarge_chunks_in_place: 1.
 - use_allocation_guard: 0.


Internal statistics:

num_allocs_failed_limit: 9.
num_arena_births: 1314.
num_arena_deaths: 482.
num_vsnodes_births: 3.
num_vsnodes_deaths: 0.
num_space_committed: 1432.
num_space_uncommitted: 0.
num_chunks_returned_to_freelist: 562.
num_chunks_taken_from_freelist: 4905.
num_chunk_merges: 141.
num_chunk_splits: 3234.
num_chunks_enlarged: 2512.
num_inconsistent_stats: 0.

CodeHeap 'non-profiled nmethods': size=120000Kb used=3982Kb max_used=5383Kb free=116017Kb
 bounds [0x000002a7c9f00000, 0x000002a7ca460000, 0x000002a7d1430000]
CodeHeap 'profiled nmethods': size=120000Kb used=8823Kb max_used=14318Kb free=111176Kb
 bounds [0x000002a7c2430000, 0x000002a7c3230000, 0x000002a7c9960000]
CodeHeap 'non-nmethods': size=5760Kb used=1777Kb max_used=1823Kb free=3983Kb
 bounds [0x000002a7c9960000, 0x000002a7c9bd0000, 0x000002a7c9f00000]
 total_blobs=5695 nmethods=4908 adapters=690
 compilation: enabled
              stopped_count=0, restarted_count=0
 full_count=0

Compilation events (20 events):
Event: 12399.137 Thread 0x000002a7d6ad1250 9545   !   3       jdk.internal.event.EventHelper::isLoggingSecurity (70 bytes)
Event: 12399.158 Thread 0x000002a7d6ad1250 nmethod 9545 0x000002a7c2525610 code [0x000002a7c2525a60, 0x000002a7c2527970]
Event: 12399.158 Thread 0x000002a7d6ad1250 9548       3       com.mysql.cj.CharsetMapping::getStaticMysqlCharsetNameForCollationIndex (32 bytes)
Event: 12399.162 Thread 0x000002a7d6ad1250 nmethod 9548 0x000002a7c2670690 code [0x000002a7c2670860, 0x000002a7c2670c58]
Event: 12399.464 Thread 0x000002a7d6acccc0 nmethod 9547 0x000002a7ca394310 code [0x000002a7ca394b40, 0x000002a7ca39cdb8]
Event: 12409.546 Thread 0x000002a7d6acccc0 9549       4       java.lang.Thread::getContextClassLoader (30 bytes)
Event: 12409.548 Thread 0x000002a7d6acccc0 nmethod 9549 0x000002a7c9f9b610 code [0x000002a7c9f9b780, 0x000002a7c9f9b828]
Event: 12468.003 Thread 0x000002a7d6acccc0 9550       4       java.io.File::isDirectory (34 bytes)
Event: 12468.758 Thread 0x000002a7d6acccc0 nmethod 9550 0x000002a7c9fa6410 code [0x000002a7c9fa65e0, 0x000002a7c9fa6a08]
Event: 12468.758 Thread 0x000002a7d6acccc0 9551       4       java.io.File::<init> (78 bytes)
Event: 12468.760 Thread 0x000002a7d6acccc0 nmethod 9551 0x000002a7ca0d9710 code [0x000002a7ca0d98a0, 0x000002a7ca0d9ae0]
Event: 12473.880 Thread 0x000002a7d6ad1250 9552       3       java.io.File::getName (42 bytes)
Event: 12473.881 Thread 0x000002a7d6ad1250 nmethod 9552 0x000002a7c24b6b10 code [0x000002a7c24b6d60, 0x000002a7c24b7588]
Event: 12473.883 Thread 0x000002a7d6acccc0 9553       4       java.io.File::listFiles (52 bytes)
Event: 12473.892 Thread 0x000002a7d6acccc0 nmethod 9553 0x000002a7ca119110 code [0x000002a7ca119300, 0x000002a7ca119b60]
Event: 12474.897 Thread 0x000002a7d6ad1250 9554       3       org.springframework.boot.devtools.filewatch.DirectorySnapshot::collectFiles (99 bytes)
Event: 12474.902 Thread 0x000002a7d6ad1250 nmethod 9554 0x000002a7c2995f10 code [0x000002a7c29961c0, 0x000002a7c2996f40]
Event: 12481.762 Thread 0x000002a7d6ad1250 9555       3       sun.security.x509.X509Key::<init> (20 bytes)
Event: 12481.768 Thread 0x000002a7d6ad1250 nmethod 9555 0x000002a7c2b37510 code [0x000002a7c2b376a0, 0x000002a7c2b37868]
Event: 12481.768 Thread 0x000002a7d6acccc0 9556       4       com.mysql.cj.protocol.a.NativePacketPayload::writeInteger (745 bytes)

GC Heap History (20 events):
Event: 4546.520 GC heap before
{Heap before GC invocations=24 (full 0):
 garbage-first heap   total 98304K, used 89124K [0x000000008a600000, 0x0000000100000000)
  region size 1024K, 44 young (45056K), 2 survivors (2048K)
 Metaspace       used 90518K, committed 91136K, reserved 1179648K
  class space    used 12174K, committed 12480K, reserved 1048576K
}
Event: 4546.662 GC heap after
{Heap after GC invocations=25 (full 0):
 garbage-first heap   total 100352K, used 44509K [0x000000008a600000, 0x0000000100000000)
  region size 1024K, 3 young (3072K), 3 survivors (3072K)
 Metaspace       used 90518K, committed 91136K, reserved 1179648K
  class space    used 12174K, committed 12480K, reserved 1048576K
}
Event: 5311.082 GC heap before
{Heap before GC invocations=25 (full 0):
 garbage-first heap   total 100352K, used 90589K [0x000000008a600000, 0x0000000100000000)
  region size 1024K, 48 young (49152K), 3 survivors (3072K)
 Metaspace       used 90618K, committed 91264K, reserved 1179648K
  class space    used 12174K, committed 12480K, reserved 1048576K
}
Event: 5311.159 GC heap after
{Heap after GC invocations=26 (full 0):
 garbage-first heap   total 100352K, used 45464K [0x000000008a600000, 0x0000000100000000)
  region size 1024K, 4 young (4096K), 4 survivors (4096K)
 Metaspace       used 90618K, committed 91264K, reserved 1179648K
  class space    used 12174K, committed 12480K, reserved 1048576K
}
Event: 6084.756 GC heap before
{Heap before GC invocations=26 (full 0):
 garbage-first heap   total 100352K, used 88472K [0x000000008a600000, 0x0000000100000000)
  region size 1024K, 46 young (47104K), 4 survivors (4096K)
 Metaspace       used 90681K, committed 91328K, reserved 1179648K
  class space    used 12174K, committed 12480K, reserved 1048576K
}
Event: 6084.834 GC heap after
{Heap after GC invocations=27 (full 0):
 garbage-first heap   total 100352K, used 45108K [0x000000008a600000, 0x0000000100000000)
  region size 1024K, 3 young (3072K), 3 survivors (3072K)
 Metaspace       used 90681K, committed 91328K, reserved 1179648K
  class space    used 12174K, committed 12480K, reserved 1048576K
}
Event: 6850.289 GC heap before
{Heap before GC invocations=28 (full 0):
 garbage-first heap   total 100352K, used 90164K [0x000000008a600000, 0x0000000100000000)
  region size 1024K, 47 young (48128K), 3 survivors (3072K)
 Metaspace       used 90701K, committed 91328K, reserved 1179648K
  class space    used 12174K, committed 12480K, reserved 1048576K
}
Event: 6850.323 GC heap after
{Heap after GC invocations=29 (full 0):
 garbage-first heap   total 100352K, used 45050K [0x000000008a600000, 0x0000000100000000)
  region size 1024K, 3 young (3072K), 3 survivors (3072K)
 Metaspace       used 90701K, committed 91328K, reserved 1179648K
  class space    used 12174K, committed 12480K, reserved 1048576K
}
Event: 8054.477 GC heap before
{Heap before GC invocations=29 (full 0):
 garbage-first heap   total 100352K, used 90106K [0x000000008a600000, 0x0000000100000000)
  region size 1024K, 47 young (48128K), 3 survivors (3072K)
 Metaspace       used 90713K, committed 91392K, reserved 1179648K
  class space    used 12174K, committed 12480K, reserved 1048576K
}
Event: 8054.573 GC heap after
{Heap after GC invocations=30 (full 0):
 garbage-first heap   total 100352K, used 43107K [0x000000008a600000, 0x0000000100000000)
  region size 1024K, 3 young (3072K), 3 survivors (3072K)
 Metaspace       used 90713K, committed 91392K, reserved 1179648K
  class space    used 12174K, committed 12480K, reserved 1048576K
}
Event: 8905.084 GC heap before
{Heap before GC invocations=30 (full 0):
 garbage-first heap   total 100352K, used 90211K [0x000000008a600000, 0x0000000100000000)
  region size 1024K, 49 young (50176K), 3 survivors (3072K)
 Metaspace       used 90725K, committed 91392K, reserved 1179648K
  class space    used 12174K, committed 12480K, reserved 1048576K
}
Event: 8905.133 GC heap after
{Heap after GC invocations=31 (full 0):
 garbage-first heap   total 100352K, used 43032K [0x000000008a600000, 0x0000000100000000)
  region size 1024K, 3 young (3072K), 3 survivors (3072K)
 Metaspace       used 90725K, committed 91392K, reserved 1179648K
  class space    used 12174K, committed 12480K, reserved 1048576K
}
Event: 9708.083 GC heap before
{Heap before GC invocations=32 (full 0):
 garbage-first heap   total 100352K, used 89112K [0x000000008a600000, 0x0000000100000000)
  region size 1024K, 49 young (50176K), 3 survivors (3072K)
 Metaspace       used 90835K, committed 91456K, reserved 1179648K
  class space    used 12174K, committed 12480K, reserved 1048576K
}
Event: 9708.150 GC heap after
{Heap after GC invocations=33 (full 0):
 garbage-first heap   total 100352K, used 43320K [0x000000008a600000, 0x0000000100000000)
  region size 1024K, 3 young (3072K), 3 survivors (3072K)
 Metaspace       used 90835K, committed 91456K, reserved 1179648K
  class space    used 12174K, committed 12480K, reserved 1048576K
}
Event: 10567.076 GC heap before
{Heap before GC invocations=33 (full 0):
 garbage-first heap   total 100352K, used 90424K [0x000000008a600000, 0x0000000100000000)
  region size 1024K, 49 young (50176K), 3 survivors (3072K)
 Metaspace       used 90837K, committed 91456K, reserved 1179648K
  class space    used 12174K, committed 12480K, reserved 1048576K
}
Event: 10567.180 GC heap after
{Heap after GC invocations=34 (full 0):
 garbage-first heap   total 100352K, used 42354K [0x000000008a600000, 0x0000000100000000)
  region size 1024K, 3 young (3072K), 3 survivors (3072K)
 Metaspace       used 90837K, committed 91456K, reserved 1179648K
  class space    used 12174K, committed 12480K, reserved 1048576K
}
Event: 11340.041 GC heap before
{Heap before GC invocations=34 (full 0):
 garbage-first heap   total 100352K, used 89458K [0x000000008a600000, 0x0000000100000000)
  region size 1024K, 49 young (50176K), 3 survivors (3072K)
 Metaspace       used 90968K, committed 91584K, reserved 1179648K
  class space    used 12179K, committed 12480K, reserved 1048576K
}
Event: 11340.150 GC heap after
{Heap after GC invocations=35 (full 0):
 garbage-first heap   total 100352K, used 42719K [0x000000008a600000, 0x0000000100000000)
  region size 1024K, 3 young (3072K), 3 survivors (3072K)
 Metaspace       used 90968K, committed 91584K, reserved 1179648K
  class space    used 12179K, committed 12480K, reserved 1048576K
}
Event: 12204.089 GC heap before
{Heap before GC invocations=36 (full 0):
 garbage-first heap   total 100352K, used 89823K [0x000000008a600000, 0x0000000100000000)
  region size 1024K, 49 young (50176K), 3 survivors (3072K)
 Metaspace       used 90986K, committed 91584K, reserved 1179648K
  class space    used 12179K, committed 12480K, reserved 1048576K
}
Event: 12204.161 GC heap after
{Heap after GC invocations=37 (full 0):
 garbage-first heap   total 100352K, used 42449K [0x000000008a600000, 0x0000000100000000)
  region size 1024K, 3 young (3072K), 3 survivors (3072K)
 Metaspace       used 90986K, committed 91584K, reserved 1179648K
  class space    used 12179K, committed 12480K, reserved 1048576K
}

Dll operation events (14 events):
Event: 0.022 Loaded shared library C:\Program Files\Java\jdk-21\bin\java.dll
Event: 0.107 Loaded shared library C:\Program Files\Java\jdk-21\bin\jsvml.dll
Event: 0.469 Loaded shared library C:\Program Files\Java\jdk-21\bin\zip.dll
Event: 0.476 Loaded shared library C:\Program Files\Java\jdk-21\bin\instrument.dll
Event: 0.484 Loaded shared library C:\Program Files\Java\jdk-21\bin\net.dll
Event: 0.487 Loaded shared library C:\Program Files\Java\jdk-21\bin\nio.dll
Event: 0.496 Loaded shared library C:\Program Files\Java\jdk-21\bin\zip.dll
Event: 0.985 Loaded shared library C:\Program Files\JetBrains\IntelliJ IDEA Community Edition 2024.3.3\bin\breakgen64.dll
Event: 0.999 Loaded shared library C:\Program Files\Java\jdk-21\bin\extnet.dll
Event: 1.055 Loaded shared library C:\Program Files\Java\jdk-21\bin\jimage.dll
Event: 1.908 Loaded shared library C:\Program Files\Java\jdk-21\bin\management.dll
Event: 1.912 Loaded shared library C:\Program Files\Java\jdk-21\bin\management_ext.dll
Event: 5.699 Loaded shared library C:\Program Files\Java\jdk-21\bin\sunmscapi.dll
Event: 13.136 Loaded shared library C:\Program Files\Java\jdk-21\bin\verify.dll

Deoptimization events (20 events):
Event: 12468.416 Thread 0x000002a81e4c3620 Uncommon trap: trap_request=0xffffffc6 fr.pc=0x000002a7c9f95b88 relative=0x0000000000000208
Event: 12468.745 Thread 0x000002a81e4c3620 Uncommon trap: reason=bimorphic_or_optimized_type_check action=maybe_recompile pc=0x000002a7c9f95b88 method=java.util.AbstractSet.equals(Ljava/lang/Object;)Z @ 28 c2
Event: 12468.745 Thread 0x000002a81e4c3620 DEOPT PACKING pc=0x000002a7c9f95b88 sp=0x000000d9e44fee30
Event: 12468.745 Thread 0x000002a81e4c3620 DEOPT UNPACKING pc=0x000002a7c99b46a2 sp=0x000000d9e44fedc8 mode 2
Event: 12468.745 Thread 0x000002a81e4c3620 Uncommon trap: trap_request=0xffffffc6 fr.pc=0x000002a7ca437e70 relative=0x0000000000000e30
Event: 12468.746 Thread 0x000002a81e4c3620 Uncommon trap: reason=bimorphic_or_optimized_type_check action=maybe_recompile pc=0x000002a7ca437e70 method=java.util.AbstractCollection.containsAll(Ljava/util/Collection;)Z @ 25 c2
Event: 12468.746 Thread 0x000002a81e4c3620 DEOPT PACKING pc=0x000002a7ca437e70 sp=0x000000d9e44fed70
Event: 12468.746 Thread 0x000002a81e4c3620 DEOPT UNPACKING pc=0x000002a7c99b46a2 sp=0x000000d9e44fed48 mode 2
Event: 12468.748 Thread 0x000002a81e4c3620 Uncommon trap: trap_request=0xffffff45 fr.pc=0x000002a7ca272214 relative=0x0000000000000654
Event: 12468.748 Thread 0x000002a81e4c3620 Uncommon trap: reason=unstable_if action=reinterpret pc=0x000002a7ca272214 method=java.util.AbstractSet.equals(Ljava/lang/Object;)Z @ 31 c2
Event: 12468.748 Thread 0x000002a81e4c3620 DEOPT PACKING pc=0x000002a7ca272214 sp=0x000000d9e44fee10
Event: 12468.750 Thread 0x000002a81e4c3620 DEOPT UNPACKING pc=0x000002a7c99b46a2 sp=0x000000d9e44fece8 mode 2
Event: 12469.163 Thread 0x000002a81e4c3620 Uncommon trap: trap_request=0xffffffc6 fr.pc=0x000002a7c9f95b88 relative=0x0000000000000208
Event: 12469.163 Thread 0x000002a81e4c3620 Uncommon trap: reason=bimorphic_or_optimized_type_check action=maybe_recompile pc=0x000002a7c9f95b88 method=java.util.AbstractSet.equals(Ljava/lang/Object;)Z @ 28 c2
Event: 12469.163 Thread 0x000002a81e4c3620 DEOPT PACKING pc=0x000002a7c9f95b88 sp=0x000000d9e44fee30
Event: 12469.163 Thread 0x000002a81e4c3620 DEOPT UNPACKING pc=0x000002a7c99b46a2 sp=0x000000d9e44fedc8 mode 2
Event: 12469.163 Thread 0x000002a81e4c3620 Uncommon trap: trap_request=0xffffffc6 fr.pc=0x000002a7ca437e70 relative=0x0000000000000e30
Event: 12469.163 Thread 0x000002a81e4c3620 Uncommon trap: reason=bimorphic_or_optimized_type_check action=maybe_recompile pc=0x000002a7ca437e70 method=java.util.AbstractCollection.containsAll(Ljava/util/Collection;)Z @ 25 c2
Event: 12469.163 Thread 0x000002a81e4c3620 DEOPT PACKING pc=0x000002a7ca437e70 sp=0x000000d9e44fed70
Event: 12469.163 Thread 0x000002a81e4c3620 DEOPT UNPACKING pc=0x000002a7c99b46a2 sp=0x000000d9e44fed48 mode 2

Classes loaded (20 events):
Event: 4161.105 Loading class org/w3c/dom/Node
Event: 4161.107 Loading class org/w3c/dom/Node done
Event: 4161.107 Loading class org/w3c/dom/Document
Event: 4161.109 Loading class org/w3c/dom/Document done
Event: 4161.598 Loading class sun/reflect/annotation/TypeAnnotation$TypeAnnotationTargetInfo
Event: 4161.599 Loading class sun/reflect/annotation/TypeAnnotation$TypeAnnotationTargetInfo done
Event: 4162.145 Loading class java/util/AbstractMap$SimpleEntry
Event: 4162.145 Loading class java/util/AbstractMap$SimpleEntry done
Event: 4162.572 Loading class java/io/SequenceInputStream
Event: 4162.573 Loading class java/io/SequenceInputStream done
Event: 4162.588 Loading class java/nio/StringCharBuffer
Event: 4162.588 Loading class java/nio/StringCharBuffer done
Event: 4162.621 Loading class java/security/interfaces/EdECKey
Event: 4162.622 Loading class java/security/interfaces/EdECKey done
Event: 4162.721 Loading class javax/crypto/SecretKeyFactory
Event: 4162.722 Loading class javax/crypto/SecretKeyFactory done
Event: 4162.742 Loading class java/util/stream/LongStream
Event: 4162.742 Loading class java/util/stream/LongStream done
Event: 4162.742 Loading class java/util/stream/DoubleStream
Event: 4162.742 Loading class java/util/stream/DoubleStream done

Classes unloaded (20 events):
Event: 2812.646 Thread 0x000002a7d6a9dd90 Unloading class 0x000002a7d80a4400 'java/lang/invoke/LambdaForm$MH+0x000002a7d80a4400'
Event: 2812.646 Thread 0x000002a7d6a9dd90 Unloading class 0x000002a7d8034c00 'java/lang/invoke/LambdaForm$MH+0x000002a7d8034c00'
Event: 2812.647 Thread 0x000002a7d6a9dd90 Unloading class 0x000002a7d801b400 'java/lang/invoke/LambdaForm$MH+0x000002a7d801b400'
Event: 2812.647 Thread 0x000002a7d6a9dd90 Unloading class 0x000002a7d801ac00 'java/lang/invoke/LambdaForm$MH+0x000002a7d801ac00'
Event: 2812.647 Thread 0x000002a7d6a9dd90 Unloading class 0x000002a7d801a400 'java/lang/invoke/LambdaForm$MH+0x000002a7d801a400'
Event: 2812.647 Thread 0x000002a7d6a9dd90 Unloading class 0x000002a7d801a000 'java/lang/invoke/LambdaForm$MH+0x000002a7d801a000'
Event: 2812.647 Thread 0x000002a7d6a9dd90 Unloading class 0x000002a7d8019000 'java/lang/invoke/LambdaForm$MH+0x000002a7d8019000'
Event: 2812.647 Thread 0x000002a7d6a9dd90 Unloading class 0x000002a7d8018400 'java/lang/invoke/LambdaForm$MH+0x000002a7d8018400'
Event: 2812.647 Thread 0x000002a7d6a9dd90 Unloading class 0x000002a7d8018000 'java/lang/invoke/LambdaForm$MH+0x000002a7d8018000'
Event: 2812.647 Thread 0x000002a7d6a9dd90 Unloading class 0x000002a7d8017800 'java/lang/invoke/LambdaForm$MH+0x000002a7d8017800'
Event: 2812.647 Thread 0x000002a7d6a9dd90 Unloading class 0x000002a7d8017400 'java/lang/invoke/LambdaForm$MH+0x000002a7d8017400'
Event: 2812.647 Thread 0x000002a7d6a9dd90 Unloading class 0x000002a7d8017000 'java/lang/invoke/LambdaForm$MH+0x000002a7d8017000'
Event: 2812.647 Thread 0x000002a7d6a9dd90 Unloading class 0x000002a7d8016400 'java/lang/invoke/LambdaForm$MH+0x000002a7d8016400'
Event: 2812.647 Thread 0x000002a7d6a9dd90 Unloading class 0x000002a7d8015400 'java/lang/invoke/LambdaForm$MH+0x000002a7d8015400'
Event: 2812.647 Thread 0x000002a7d6a9dd90 Unloading class 0x000002a7d8014800 'java/lang/invoke/LambdaForm$MH+0x000002a7d8014800'
Event: 2812.647 Thread 0x000002a7d6a9dd90 Unloading class 0x000002a7d8014000 'java/lang/invoke/LambdaForm$MH+0x000002a7d8014000'
Event: 2812.648 Thread 0x000002a7d6a9dd90 Unloading class 0x000002a7d8002400 'java/lang/invoke/LambdaForm$MH+0x000002a7d8002400'
Event: 2812.648 Thread 0x000002a7d6a9dd90 Unloading class 0x000002a7d8002000 'java/lang/invoke/LambdaForm$MH+0x000002a7d8002000'
Event: 2812.648 Thread 0x000002a7d6a9dd90 Unloading class 0x000002a7d8001c00 'java/lang/invoke/LambdaForm$MH+0x000002a7d8001c00'
Event: 2812.648 Thread 0x000002a7d6a9dd90 Unloading class 0x000002a7d8001400 'java/lang/invoke/LambdaForm$MH+0x000002a7d8001400'

Classes redefined (0 events):
No events

Internal exceptions (20 events):
Event: 8415.856 Thread 0x000002a821530260 Exception <a 'java/io/IOException'{0x000000008f482680}> (0x000000008f482680) 
thrown [s\open\src\hotspot\share\prims\jni.cpp, line 520]
Event: 8415.869 Thread 0x000002a821530260 Exception <a 'java/io/IOException'{0x000000008f4835a8}> (0x000000008f4835a8) 
thrown [s\open\src\hotspot\share\prims\jni.cpp, line 520]
Event: 9223.698 Thread 0x000002a821532330 Exception <a 'java/io/IOException'{0x000000008f501660}> (0x000000008f501660) 
thrown [s\open\src\hotspot\share\prims\jni.cpp, line 520]
Event: 9223.706 Thread 0x000002a821532330 Exception <a 'java/io/IOException'{0x000000008f502588}> (0x000000008f502588) 
thrown [s\open\src\hotspot\share\prims\jni.cpp, line 520]
Event: 9568.044 Thread 0x000002a821532330 Exception <a 'java/io/IOException'{0x000000008e201660}> (0x000000008e201660) 
thrown [s\open\src\hotspot\share\prims\jni.cpp, line 520]
Event: 9568.047 Thread 0x000002a821532330 Exception <a 'java/io/IOException'{0x000000008e202280}> (0x000000008e202280) 
thrown [s\open\src\hotspot\share\prims\jni.cpp, line 520]
Event: 10216.191 Thread 0x000002a82152eeb0 Exception <a 'java/io/IOException'{0x000000008ec843b0}> (0x000000008ec843b0) 
thrown [s\open\src\hotspot\share\prims\jni.cpp, line 520]
Event: 10216.203 Thread 0x000002a82152eeb0 Exception <a 'java/io/IOException'{0x000000008ec852d8}> (0x000000008ec852d8) 
thrown [s\open\src\hotspot\share\prims\jni.cpp, line 520]
Event: 10628.830 Thread 0x000002a821530260 Exception <a 'java/io/IOException'{0x0000000090384418}> (0x0000000090384418) 
thrown [s\open\src\hotspot\share\prims\jni.cpp, line 520]
Event: 10628.833 Thread 0x000002a821530260 Exception <a 'java/io/IOException'{0x0000000090385340}> (0x0000000090385340) 
thrown [s\open\src\hotspot\share\prims\jni.cpp, line 520]
Event: 10795.108 Thread 0x000002a82152f540 Exception <a 'java/io/IOException'{0x000000008f901660}> (0x000000008f901660) 
thrown [s\open\src\hotspot\share\prims\jni.cpp, line 520]
Event: 10795.109 Thread 0x000002a82152f540 Exception <a 'java/io/IOException'{0x000000008f902280}> (0x000000008f902280) 
thrown [s\open\src\hotspot\share\prims\jni.cpp, line 520]
Event: 10984.835 Thread 0x000002a821530260 Exception <a 'java/io/IOException'{0x000000008ef82688}> (0x000000008ef82688) 
thrown [s\open\src\hotspot\share\prims\jni.cpp, line 520]
Event: 10984.839 Thread 0x000002a821530260 Exception <a 'java/io/IOException'{0x000000008ef832a8}> (0x000000008ef832a8) 
thrown [s\open\src\hotspot\share\prims\jni.cpp, line 520]
Event: 11535.982 Thread 0x000002a821533050 Exception <a 'java/io/IOException'{0x000000008fd82678}> (0x000000008fd82678) 
thrown [s\open\src\hotspot\share\prims\jni.cpp, line 520]
Event: 11536.002 Thread 0x000002a821533050 Exception <a 'java/io/IOException'{0x000000008fd835a0}> (0x000000008fd835a0) 
thrown [s\open\src\hotspot\share\prims\jni.cpp, line 520]
Event: 11733.574 Thread 0x000002a821531ca0 Exception <a 'java/io/IOException'{0x000000008f201660}> (0x000000008f201660) 
thrown [s\open\src\hotspot\share\prims\jni.cpp, line 520]
Event: 11733.587 Thread 0x000002a821531ca0 Exception <a 'java/io/IOException'{0x000000008f202280}> (0x000000008f202280) 
thrown [s\open\src\hotspot\share\prims\jni.cpp, line 520]
Event: 12372.389 Thread 0x000002a821531610 Exception <a 'java/io/IOException'{0x000000008fe01c20}> (0x000000008fe01c20) 
thrown [s\open\src\hotspot\share\prims\jni.cpp, line 520]
Event: 12372.406 Thread 0x000002a821531610 Exception <a 'java/io/IOException'{0x000000008fe02b48}> (0x000000008fe02b48) 
thrown [s\open\src\hotspot\share\prims\jni.cpp, line 520]

ZGC Phase Switch (0 events):
No events

VM Operations (20 events):
Event: 11269.469 Executing VM operation: Cleanup
Event: 11269.469 Executing VM operation: Cleanup done
Event: 11340.038 Executing VM operation: G1CollectForAllocation (G1 Evacuation Pause)
Event: 11340.150 Executing VM operation: G1CollectForAllocation (G1 Evacuation Pause) done
Event: 11340.299 Executing VM operation: G1PauseRemark
Event: 11340.378 Executing VM operation: G1PauseRemark done
Event: 11340.396 Executing VM operation: G1PauseCleanup
Event: 11340.397 Executing VM operation: G1PauseCleanup done
Event: 11774.126 Executing VM operation: Cleanup
Event: 11774.126 Executing VM operation: Cleanup done
Event: 11870.144 Executing VM operation: Cleanup
Event: 11870.145 Executing VM operation: Cleanup done
Event: 12204.081 Executing VM operation: G1CollectForAllocation (G1 Evacuation Pause)
Event: 12204.162 Executing VM operation: G1CollectForAllocation (G1 Evacuation Pause) done
Event: 12372.910 Executing VM operation: Cleanup
Event: 12372.911 Executing VM operation: Cleanup done
Event: 12399.179 Executing VM operation: Cleanup
Event: 12399.180 Executing VM operation: Cleanup done
Event: 12482.049 Executing VM operation: Cleanup
Event: 12482.049 Executing VM operation: Cleanup done

Events (20 events):
Event: 11340.371 Thread 0x000002a7d6a9dd90 flushing nmethod 0x000002a7c2f2ad90
Event: 11340.371 Thread 0x000002a7d6a9dd90 flushing nmethod 0x000002a7c3206090
Event: 11535.920 Thread 0x000002a821533050 Thread added: 0x000002a821533050
Event: 11536.014 Thread 0x000002a821531ca0 Thread added: 0x000002a821531ca0
Event: 11541.029 Thread 0x000002a821533050 Thread exited: 0x000002a821533050
Event: 11541.246 Thread 0x000002a821531ca0 Thread exited: 0x000002a821531ca0
Event: 11733.491 Thread 0x000002a821531ca0 Thread added: 0x000002a821531ca0
Event: 11733.593 Thread 0x000002a821530260 Thread added: 0x000002a821530260
Event: 11738.599 Thread 0x000002a821531ca0 Thread exited: 0x000002a821531ca0
Event: 11738.938 Thread 0x000002a821530260 Thread exited: 0x000002a821530260
Event: 12372.333 Thread 0x000002a821531610 Thread added: 0x000002a821531610
Event: 12372.415 Thread 0x000002a82152e190 Thread added: 0x000002a82152e190
Event: 12377.429 Thread 0x000002a821531610 Thread exited: 0x000002a821531610
Event: 12377.751 Thread 0x000002a82152e190 Thread exited: 0x000002a82152e190
Event: 12399.102 Thread 0x000002a82152f540 Thread added: 0x000002a82152f540
Event: 12399.104 Thread 0x000002a821530f80 Thread added: 0x000002a821530f80
Event: 12404.114 Thread 0x000002a82152f540 Thread exited: 0x000002a82152f540
Event: 12404.191 Thread 0x000002a821530f80 Thread exited: 0x000002a821530f80
Event: 12481.753 Thread 0x000002a821530f80 Thread added: 0x000002a821530f80
Event: 12481.755 Thread 0x000002a82152f540 Thread added: 0x000002a82152f540


Dynamic libraries:
0x00007ff6b0cb0000 - 0x00007ff6b0cc0000 	C:\Program Files\Java\jdk-21\bin\java.exe
0x00007ffa9d520000 - 0x00007ffa9d788000 	C:\WINDOWS\SYSTEM32\ntdll.dll
0x00007ffa9ba40000 - 0x00007ffa9bb09000 	C:\WINDOWS\System32\KERNEL32.DLL
0x00007ffa9a930000 - 0x00007ffa9ad28000 	C:\WINDOWS\System32\KERNELBASE.dll
0x00007ffa9a6a0000 - 0x00007ffa9a7eb000 	C:\WINDOWS\System32\ucrtbase.dll
0x00007ffa55690000 - 0x00007ffa556a9000 	C:\Program Files\Java\jdk-21\bin\jli.dll
0x00007ffa556b0000 - 0x00007ffa556cb000 	C:\Program Files\Java\jdk-21\bin\VCRUNTIME140.dll
0x00007ffa9c050000 - 0x00007ffa9c104000 	C:\WINDOWS\System32\ADVAPI32.dll
0x00007ffa9b5d0000 - 0x00007ffa9b679000 	C:\WINDOWS\System32\msvcrt.dll
0x00007ffa9bb10000 - 0x00007ffa9bbb6000 	C:\WINDOWS\System32\sechost.dll
0x00007ffa9b430000 - 0x00007ffa9b548000 	C:\WINDOWS\System32\RPCRT4.dll
0x00007ffa9cf50000 - 0x00007ffa9d117000 	C:\WINDOWS\System32\USER32.dll
0x00007ffa9a670000 - 0x00007ffa9a697000 	C:\WINDOWS\System32\win32u.dll
0x00007ffa9c1f0000 - 0x00007ffa9c21b000 	C:\WINDOWS\System32\GDI32.dll
0x00007ffa9af60000 - 0x00007ffa9b08c000 	C:\WINDOWS\System32\gdi32full.dll
0x00007ffa9b090000 - 0x00007ffa9b133000 	C:\WINDOWS\System32\msvcp_win.dll
0x00007ffa7d1e0000 - 0x00007ffa7d474000 	C:\WINDOWS\WinSxS\amd64_microsoft.windows.common-controls_6595b64144ccf1df_6.0.26100.7019_none_3e06ffa0e335b8a8\COMCTL32.dll
0x00007ffa933e0000 - 0x00007ffa933eb000 	C:\WINDOWS\SYSTEM32\VERSION.dll
0x00007ffa9b850000 - 0x00007ffa9b881000 	C:\WINDOWS\System32\IMM32.DLL
0x00007ffa95730000 - 0x00007ffa9573c000 	C:\Program Files\Java\jdk-21\bin\vcruntime140_1.dll
0x00007ffa0b510000 - 0x00007ffa0b59e000 	C:\Program Files\Java\jdk-21\bin\msvcp140.dll
0x00007ff9b3da0000 - 0x00007ff9b4ab8000 	C:\Program Files\Java\jdk-21\bin\server\jvm.dll
0x00007ffa9b550000 - 0x00007ffa9b5c4000 	C:\WINDOWS\System32\WS2_32.dll
0x00007ffa9a4f0000 - 0x00007ffa9a54e000 	C:\WINDOWS\SYSTEM32\POWRPROF.dll
0x00007ffa918a0000 - 0x00007ffa918d5000 	C:\WINDOWS\SYSTEM32\WINMM.dll
0x00007ffa9a4d0000 - 0x00007ffa9a4e4000 	C:\WINDOWS\SYSTEM32\UMPDC.dll
0x00007ffa99430000 - 0x00007ffa9944b000 	C:\WINDOWS\SYSTEM32\kernel.appcore.dll
0x00007ffa55680000 - 0x00007ffa5568a000 	C:\Program Files\Java\jdk-21\bin\jimage.dll
0x00007ffa8e3f0000 - 0x00007ffa8e632000 	C:\WINDOWS\SYSTEM32\DBGHELP.DLL
0x00007ffa9cb40000 - 0x00007ffa9cecb000 	C:\WINDOWS\System32\combase.dll
0x00007ffa9c110000 - 0x00007ffa9c1e7000 	C:\WINDOWS\System32\OLEAUT32.dll
0x00007ffa78550000 - 0x00007ffa7858c000 	C:\WINDOWS\SYSTEM32\dbgcore.DLL
0x00007ffa9a7f0000 - 0x00007ffa9a895000 	C:\WINDOWS\System32\bcryptPrimitives.dll
0x00007ffa4ddb0000 - 0x00007ffa4ddbf000 	C:\Program Files\Java\jdk-21\bin\instrument.dll
0x00007ffa4de00000 - 0x00007ffa4de1f000 	C:\Program Files\Java\jdk-21\bin\java.dll
0x00007ffa9c220000 - 0x00007ffa9c96f000 	C:\WINDOWS\System32\SHELL32.dll
0x00007ffa9adf0000 - 0x00007ffa9af5b000 	C:\WINDOWS\System32\wintypes.dll
0x00007ffa98280000 - 0x00007ffa98add000 	C:\WINDOWS\SYSTEM32\windows.storage.dll
0x00007ffa9b8a0000 - 0x00007ffa9b992000 	C:\WINDOWS\System32\SHCORE.dll
0x00007ffa9b9b0000 - 0x00007ffa9ba17000 	C:\WINDOWS\System32\shlwapi.dll
0x00007ffa9a590000 - 0x00007ffa9a5b9000 	C:\WINDOWS\SYSTEM32\profapi.dll
0x00007ffa0ac60000 - 0x00007ffa0ad37000 	C:\Program Files\Java\jdk-21\bin\jsvml.dll
0x00007ffa4ddc0000 - 0x00007ffa4ddd8000 	C:\Program Files\Java\jdk-21\bin\zip.dll
0x00007ffa55670000 - 0x00007ffa55680000 	C:\Program Files\Java\jdk-21\bin\net.dll
0x00007ffa920f0000 - 0x00007ffa92218000 	C:\WINDOWS\SYSTEM32\WINHTTP.dll
0x00007ffa999a0000 - 0x00007ffa99a0b000 	C:\WINDOWS\system32\mswsock.dll
0x00007ffa4dde0000 - 0x00007ffa4ddf6000 	C:\Program Files\Java\jdk-21\bin\nio.dll
0x00007ffa0b810000 - 0x00007ffa0b82a000 	C:\Program Files\JetBrains\IntelliJ IDEA Community Edition 2024.3.3\bin\breakgen64.dll
0x00007ffa2b4b0000 - 0x00007ffa2b4b9000 	C:\Program Files\Java\jdk-21\bin\extnet.dll
0x00007ffa0b840000 - 0x00007ffa0b84a000 	C:\Program Files\Java\jdk-21\bin\management.dll
0x00007ffa0b830000 - 0x00007ffa0b83b000 	C:\Program Files\Java\jdk-21\bin\management_ext.dll
0x00007ffa9b9a0000 - 0x00007ffa9b9a8000 	C:\WINDOWS\System32\PSAPI.DLL
0x00007ffa98ea0000 - 0x00007ffa98ed4000 	C:\WINDOWS\SYSTEM32\IPHLPAPI.DLL
0x00007ffa9b890000 - 0x00007ffa9b89a000 	C:\WINDOWS\System32\NSI.dll
0x00007ffa98ee0000 - 0x00007ffa9900c000 	C:\WINDOWS\SYSTEM32\DNSAPI.dll
0x00007ffa92820000 - 0x00007ffa9282b000 	C:\Windows\System32\rasadhlp.dll
0x00007ffa8f350000 - 0x00007ffa8f3d6000 	C:\WINDOWS\System32\fwpuclnt.dll
0x00007ffa2b4c0000 - 0x00007ffa2b4ce000 	C:\Program Files\Java\jdk-21\bin\sunmscapi.dll
0x00007ffa9b140000 - 0x00007ffa9b2b7000 	C:\WINDOWS\System32\CRYPT32.dll
0x00007ffa99e80000 - 0x00007ffa99eb0000 	C:\WINDOWS\SYSTEM32\ncrypt.dll
0x00007ffa99e30000 - 0x00007ffa99e6f000 	C:\WINDOWS\SYSTEM32\NTASN1.dll
0x00007ffa99c70000 - 0x00007ffa99c8b000 	C:\WINDOWS\SYSTEM32\CRYPTSP.dll
0x00007ffa99390000 - 0x00007ffa993ca000 	C:\WINDOWS\system32\rsaenh.dll
0x00007ffa99a50000 - 0x00007ffa99a7b000 	C:\WINDOWS\SYSTEM32\USERENV.dll
0x00007ffa9a560000 - 0x00007ffa9a58a000 	C:\WINDOWS\SYSTEM32\bcrypt.dll
0x00007ffa99c60000 - 0x00007ffa99c6c000 	C:\WINDOWS\SYSTEM32\CRYPTBASE.dll
0x00007ffa0b800000 - 0x00007ffa0b810000 	C:\Program Files\Java\jdk-21\bin\verify.dll
0x00007ff9c7580000 - 0x00007ff9c7588000 	C:\WINDOWS\system32\wshunix.dll

dbghelp: loaded successfully - version: 4.0.5 - missing functions: none
symbol engine: initialized successfully - sym options: 0x614 - pdb path: .;C:\Program Files\Java\jdk-21\bin;C:\WINDOWS\SYSTEM32;C:\WINDOWS\WinSxS\amd64_microsoft.windows.common-controls_6595b64144ccf1df_6.0.26100.7019_none_3e06ffa0e335b8a8;C:\Program Files\Java\jdk-21\bin\server;C:\Program Files\JetBrains\IntelliJ IDEA Community Edition 2024.3.3\bin

VM Arguments:
jvm_args: -javaagent:C:\Program Files\JetBrains\IntelliJ IDEA Community Edition 2024.3.3\lib\idea_rt.jar=61284:C:\Program Files\JetBrains\IntelliJ IDEA Community Edition 2024.3.3\bin -Dfile.encoding=UTF-8 -Dsun.stdout.encoding=UTF-8 -Dsun.stderr.encoding=UTF-8 
java_command: com.iCare.User_Service.UserServiceApplication
java_class_path (initial): C:\Users\91973\OneDrive\Documents\Desktop\ICare\User-Service-I-Care\target\classes;C:\Users\91973\.m2\repository\org\springframework\boot\spring-boot-starter-data-jpa\3.5.6\spring-boot-starter-data-jpa-3.5.6.jar;C:\Users\91973\.m2\repository\org\springframework\boot\spring-boot-starter\3.5.6\spring-boot-starter-3.5.6.jar;C:\Users\91973\.m2\repository\org\springframework\boot\spring-boot-starter-logging\3.5.6\spring-boot-starter-logging-3.5.6.jar;C:\Users\91973\.m2\repository\ch\qos\logback\logback-classic\1.5.18\logback-classic-1.5.18.jar;C:\Users\91973\.m2\repository\ch\qos\logback\logback-core\1.5.18\logback-core-1.5.18.jar;C:\Users\91973\.m2\repository\org\apache\logging\log4j\log4j-to-slf4j\2.24.3\log4j-to-slf4j-2.24.3.jar;C:\Users\91973\.m2\repository\org\apache\logging\log4j\log4j-api\2.24.3\log4j-api-2.24.3.jar;C:\Users\91973\.m2\repository\org\slf4j\jul-to-slf4j\2.0.17\jul-to-slf4j-2.0.17.jar;C:\Users\91973\.m2\repository\jakarta\annotation\jakarta.annotation-api\2.1.1\jakarta.annotation-api-2.1.1.jar;C:\Users\91973\.m2\repository\org\yaml\snakeyaml\2.4\snakeyaml-2.4.jar;C:\Users\91973\.m2\repository\org\springframework\boot\spring-boot-starter-jdbc\3.5.6\spring-boot-starter-jdbc-3.5.6.jar;C:\Users\91973\.m2\repository\com\zaxxer\HikariCP\6.3.3\HikariCP-6.3.3.jar;C:\Users\91973\.m2\repository\org\springframework\spring-jdbc\6.2.11\spring-jdbc-6.2.11.jar;C:\Users\91973\.m2\repository\org\hibernate\orm\hibernate-core\6.6.29.Final\hibernate-core-6.6.29.Final.jar;C:\Users\91973\.m2\repository\jakarta\persistence\jakarta.persistence-api\3.1.0\jakarta.persistence-api-3.1.0.jar;C:\Users\91973\.m2\repository\jakarta\transaction\jakarta.transaction-api\2.0.1\jakarta.transaction-api-2.0.1.jar;C:\Users\91973\.m2\repository\org\jboss\logging\jboss-logging\3.6.1.Final\jboss-logging-3.6.1.Final.jar;C:\Users\91973\.m2\repository\org\hibernate\common\hibernate-commons-annotations\7.0.3.Final\hibernate-commons-annotations-7.0.3.Final.jar;C:\Users\91973\.m2\repository\io\smallrye\jandex\3.2.0\jandex-3.2.0.jar;C:\Users\91973\.m2\repository\com\fasterxml\classmate\1.7.0\classmate-1.7.0.jar;C:\Users\91973\.m2\repository\net\bytebuddy\byte-buddy\1.17.7\byte-buddy-1.17.7.jar;C:\Users\91973\.m2\repository\org\glassfish\jaxb\jaxb-runtime\4.0.5\jaxb-runtime-4.0.5.jar;C:\Users\91973\.m2\repository\org\glassfish\jaxb\jaxb-core\4.0.5\jaxb-core-4.0.5.jar;C:\Users\91973\.m2\repository\org\eclipse\angus\angus-activation\2.0.2\angus-activation-2.0.2.jar;C:\Users\91973\.m2\repository\org\glassfish\jaxb\txw2\4.0.5\txw2-4.0.5.jar;C:\Users\91973\.m2\repository\com\sun\istack\istack-commons-runtime\4.1.2\istack-commons-runtime-4.1.2.jar;C:\Users\91973\.m2\repository\jakarta\inject\jakarta.inject-api\2.0.1\jakarta.inject-api-2.0.1.jar;C:\Users\91973\.m2\repository\org\antlr\antlr4-runtime\4.13.0\antlr4-runtime-4.13.0.jar;C:\Users\91973\.m2\repository\org\springframework\data\spring-data-jpa\3.5.4\spring-data-jpa-3.5.4.jar;C:\Users\91973\.m2\repository\org\springframework\data\spring-data-commons\3.5.4\spring-data-commons-3.5.4.jar;C:\Users\91973\.m2\repository\org\springframework\spring-orm\6.2.11\spring-orm-6.2.11.jar;C:\Users\91973\.m2\repository\org\springframework\spring-tx\6.2.11\spring-tx-6.2.11.jar;C:\Users\91973\.m2\repository\org\slf4j\slf4j-api\2.0.17\slf4j-api-2.0.17.jar;C:\Users\91973\.m2\repository\org\springframework\spring-aspects\6.2.11\spring-aspects-6.2.11.jar;C:\Users\91973\.m2\repository\org\aspectj\aspectjweaver\1.9.24\aspectjweaver-1.9.24.jar;C:\Users\91973\.m2\repository\org\springframework\boot\spring-boot-starter-security\3.5.6\spring-boot-starter-security-3.5.6.jar;C:\Users\91973\.m2\repository\org\springframework\spring-aop\6.2.11\spring-aop-6.2.11.jar;C:\Users\91973\.m2\repository\org\springframework\security\spring-security-config\6.5.5\spring-security-config-6.5.5.jar;C:\Users\91973\.m2\repository\org\springframework\security\spring-security-web\6.5.5\spring-security-web-6.5.5.jar;C:\Users\91973\.m2\repository\org\springframework\boot\spring-boot-starter-validation\3.5.6\spring-boot-starter-validation-3.5.6.jar;C:\Users\91973\.m2\repository\org\apache\tomcat\embed\tomcat-embed-el\10.1.46\tomcat-embed-el-10.1.46.jar;C:\Users\91973\.m2\repository\org\hibernate\validator\hibernate-validator\8.0.3.Final\hibernate-validator-8.0.3.Final.jar;C:\Users\91973\.m2\repository\jakarta\validation\jakarta.validation-api\3.0.2\jakarta.validation-api-3.0.2.jar;C:\Users\91973\.m2\repository\org\springframework\boot\spring-boot-starter-web\3.5.6\spring-boot-starter-web-3.5.6.jar;C:\Users\91973\.m2\repository\org\springframework\boot\spring-boot-starter-json\3.5.6\spring-boot-starter-json-3.5.6.jar;C:\Users\91973\.m2\repository\com\fasterxml\jackson\datatype\jackson-datatype-jdk8\2.19.2\jackson-datatype-jdk8-2.19.2.jar;C:\Users\91973\.m2\repository\com\fasterxml\jackson\datatype\jackson-datatype-jsr310\2.19.2\jackson-datatype-jsr310-2.19.2.jar;C:\Users\91973\.m2\repository\com\fasterxml\jackson\module\jackson-module-parameter-names\2.19.2\jackson-module-parameter-names-2.19.2.jar;C:\Users\91973\.m2\repository\org\springframework\boot\spring-boot-starter-tomcat\3.5.6\spring-boot-starter-tomcat-3.5.6.jar;C:\Users\91973\.m2\repository\org\apache\tomcat\embed\tomcat-embed-core\10.1.46\tomcat-embed-core-10.1.46.jar;C:\Users\91973\.m2\repository\org\apache\tomcat\embed\tomcat-embed-websocket\10.1.46\tomcat-embed-websocket-10.1.46.jar;C:\Users\91973\.m2\repository\org\springframework\spring-web\6.2.11\spring-web-6.2.11.jar;C:\Users\91973\.m2\repository\io\micrometer\micrometer-observation\1.15.4\micrometer-observation-1.15.4.jar;C:\Users\91973\.m2\repository\io\micrometer\micrometer-commons\1.15.4\micrometer-commons-1.15.4.jar;C:\Users\91973\.m2\repository\org\springframework\boot\spring-boot-devtools\3.5.6\spring-boot-devtools-3.5.6.jar;C:\Users\91973\.m2\repository\org\springframework\boot\spring-boot\3.5.6\spring-boot-3.5.6.jar;C:\Users\91973\.m2\repository\org\springframework\boot\spring-boot-autoconfigure\3.5.6\spring-boot-autoconfigure-3.5.6.jar;C:\Users\91973\.m2\repository\com\mysql\mysql-connector-j\9.4.0\mysql-connector-j-9.4.0.jar;C:\Users\91973\.m2\repository\jakarta\xml\bind\jakarta.xml.bind-api\4.0.2\jakarta.xml.bind-api-4.0.2.jar;C:\Users\91973\.m2\repository\jakarta\activation\jakarta.activation-api\2.1.4\jakarta.activation-api-2.1.4.jar;C:\Users\91973\.m2\repository\net\minidev\json-smart\2.5.2\json-smart-2.5.2.jar;C:\Users\91973\.m2\repository\net\minidev\accessors-smart\2.5.2\accessors-smart-2.5.2.jar;C:\Users\91973\.m2\repository\org\ow2\asm\asm\9.7.1\asm-9.7.1.jar;C:\Users\91973\.m2\repository\org\springframework\spring-core\6.2.11\spring-core-6.2.11.jar;C:\Users\91973\.m2\repository\org\springframework\spring-jcl\6.2.11\spring-jcl-6.2.11.jar;C:\Users\91973\.m2\repository\org\springframework\security\spring-security-core\6.5.5\spring-security-core-6.5.5.jar;C:\Users\91973\.m2\repository\org\springframework\security\spring-security-crypto\6.5.5\spring-security-crypto-6.5.5.jar;C:\Users\91973\.m2\repository\io\jsonwebtoken\jjwt-api\0.12.6\jjwt-api-0.12.6.jar;C:\Users\91973\.m2\repository\io\jsonwebtoken\jjwt-impl\0.12.6\jjwt-impl-0.12.6.jar;C:\Users\91973\.m2\repository\io\jsonwebtoken\jjwt-jackson\0.12.6\jjwt-jackson-0.12.6.jar;C:\Users\91973\.m2\repository\com\fasterxml\jackson\core\jackson-databind\2.19.2\jackson-databind-2.19.2.jar;C:\Users\91973\.m2\repository\com\fasterxml\jackson\core\jackson-annotations\2.19.2\jackson-annotations-2.19.2.jar;C:\Users\91973\.m2\repository\com\fasterxml\jackson\core\jackson-core\2.19.2\jackson-core-2.19.2.jar;C:\Users\91973\.m2\repository\org\springdoc\springdoc-openapi-starter-webmvc-ui\2.8.8\springdoc-openapi-starter-webmvc-ui-2.8.8.jar;C:\Users\91973\.m2\repository\org\springdoc\springdoc-openapi-starter-webmvc-api\2.8.8\springdoc-openapi-starter-webmvc-api-2.8.8.jar;C:\Users\91973\.m2\repository\org\springdoc\springdoc-openapi-starter-common\2.8.8\springdoc-openapi-starter-common-2.8.8.jar;C:\Users\91973\.m2\repository\io\swagger\core\v3\swagger-core-jakarta\2.2.30\swagger-core-jakarta-2.2.30.jar;C:\Users\91973\.m2\repository\org\apache\commons\commons-lang3\3.17.0\commons-lang3-3.17.0.jar;C:\Users\91973\.m2\repository\io\swagger\core\v3\swagger-annotations-jakarta\2.2.30\swagger-annotations-jakarta-2.2.30.jar;C:\Users\91973\.m2\repository\io\swagger\core\v3\swagger-models-jakarta\2.2.30\swagger-models-jakarta-2.2.30.jar;C:\Users\91973\.m2\repository\com\fasterxml\jackson\dataformat\jackson-dataformat-yaml\2.19.2\jackson-dataformat-yaml-2.19.2.jar;C:\Users\91973\.m2\repository\org\webjars\swagger-ui\5.21.0\swagger-ui-5.21.0.jar;C:\Users\91973\.m2\repository\org\webjars\webjars-locator-lite\1.1.0\webjars-locator-lite-1.1.0.jar;C:\Users\91973\.m2\repository\org\jspecify\jspecify\1.0.0\jspecify-1.0.0.jar;C:\Users\91973\.m2\repository\org\springframework\boot\spring-boot-starter-webflux\3.5.6\spring-boot-starter-webflux-3.5.6.jar;C:\Users\91973\.m2\repository\org\springframework\boot\spring-boot-starter-reactor-netty\3.5.6\spring-boot-starter-reactor-netty-3.5.6.jar;C:\Users\91973\.m2\repository\io\projectreactor\netty\reactor-netty-http\1.2.10\reactor-netty-http-1.2.10.jar;C:\Users\91973\.m2\repository\io\netty\netty-codec-http\4.1.127.Final\netty-codec-http-4.1.127.Final.jar;C:\Users\91973\.m2\repository\io\netty\netty-common\4.1.127.Final\netty-common-4.1.127.Final.jar;C:\Users\91973\.m2\repository\io\netty\netty-buffer\4.1.127.Final\netty-buffer-4.1.127.Final.jar;C:\Users\91973\.m2\repository\io\netty\netty-transport\4.1.127.Final\netty-transport-4.1.127.Final.jar;C:\Users\91973\.m2\repository\io\netty\netty-codec\4.1.127.Final\netty-codec-4.1.127.Final.jar;C:\Users\91973\.m2\repository\io\netty\netty-handler\4.1.127.Final\netty-handler-4.1.127.Final.jar;C:\Users\91973\.m2\repository\io\netty\netty-codec-http2\4.1.127.Final\netty-codec-http2-4.1.127.Final.jar;C:\Users\91973\.m2\repository\io\netty\netty-resolver-dns\4.1.127.Final\netty-resolver-dns-4.1.127.Final.jar;C:\Users\91973\.m2\repository\io\netty\netty-resolver\4.1.127.Final\netty-resolver-4.1.127.Final.jar;C:\Users\91973\.m2\repository\io\netty\netty-codec-dns\4.1.127.Final\netty-codec-dns-4.1.127.Final.jar;C:\Users\91973\.m2\repository\io\netty\netty-resolver-dns-native-macos\4.1.127.Final\netty-resolver-dns-native-macos-4.1.127.Final-osx-x86_64.jar;C:\Users\91973\.m2\repository\io\netty\netty-resolver-dns-classes-macos\4.1.127.Final\netty-resolver-dns-classes-macos-4.1.127.Final.jar;C:\Users\91973\.m2\repository\io\netty\netty-transport-native-epoll\4.1.127.Final\netty-transport-native-epoll-4.1.127.Final-linux-x86_64.jar;C:\Users\91973\.m2\repository\io\netty\netty-transport-native-unix-common\4.1.127.Final\netty-transport-native-unix-common-4.1.127.Final.jar;C:\Users\91973\.m2\repository\io\netty\netty-transport-classes-epoll\4.1.127.Final\netty-transport-classes-epoll-4.1.127.Final.jar;C:\Users\91973\.m2\repository\io\projectreactor\netty\reactor-netty-core\1.2.10\reactor-netty-core-1.2.10.jar;C:\Users\91973\.m2\repository\io\netty\netty-handler-proxy\4.1.127.Final\netty-handler-proxy-4.1.127.Final.jar;C:\Users\91973\.m2\repository\io\netty\netty-codec-socks\4.1.127.Final\netty-codec-socks-4.1.127.Final.jar;C:\Users\91973\.m2\repository\org\springframework\spring-webflux\6.2.11\spring-webflux-6.2.11.jar;C:\Users\91973\.m2\repository\io\projectreactor\reactor-core\3.7.11\reactor-core-3.7.11.jar;C:\Users\91973\.m2\repository\org\reactivestreams\reactive-streams\1.0.4\reactive-streams-1.0.4.jar;C:\Users\91973\.m2\repository\org\springframework\spring-webmvc\6.2.11\spring-webmvc-6.2.11.jar;C:\Users\91973\.m2\repository\org\springframework\spring-beans\6.2.11\spring-beans-6.2.11.jar;C:\Users\91973\.m2\repository\org\springframework\spring-context\6.2.11\spring-context-6.2.11.jar;C:\Users\91973\.m2\repository\org\springframework\spring-expression\6.2.11\spring-expression-6.2.11.jar;C:\Users\91973\.m2\repository\org\springframework\cloud\spring-cloud-starter-openfeign\4.3.0\spring-cloud-starter-openfeign-4.3.0.jar;C:\Users\91973\.m2\repository\org\springframework\cloud\spring-cloud-starter\4.3.0\spring-cloud-starter-4.3.0.jar;C:\Users\91973\.m2\repository\org\springframework\cloud\spring-cloud-context\4.3.0\spring-cloud-context-4.3.0.jar;C:\Users\91973\.m2\repository\org\bouncycastle\bcprov-jdk18on\1.80\bcprov-jdk18on-1.80.jar;C:\Users\91973\.m2\repository\org\springframework\cloud\spring-cloud-openfeign-core\4.3.0\spring-cloud-openfeign-core-4.3.0.jar;C:\Users\91973\.m2\repository\io\github\openfeign\feign-form-spring\13.6\feign-form-spring-13.6.jar;C:\Users\91973\.m2\repository\org\apache\commons\commons-text\1.13.0\commons-text-1.13.0.jar;C:\Users\91973\.m2\repository\io\github\openfeign\feign-form\13.6\feign-form-13.6.jar;C:\Users\91973\.m2\repository\commons-fileupload\commons-fileupload\1.5\commons-fileupload-1.5.jar;C:\Users\91973\.m2\repository\org\springframework\cloud\spring-cloud-commons\4.3.0\spring-cloud-commons-4.3.0.jar;C:\Users\91973\.m2\repository\io\github\openfeign\feign-core\13.6\feign-core-13.6.jar;C:\Users\91973\.m2\repository\io\github\openfeign\feign-slf4j\13.6\feign-slf4j-13.6.jar;C:\Users\91973\.m2\repository\org\springframework\boot\spring-boot-starter-oauth2-client\3.5.6\spring-boot-starter-oauth2-client-3.5.6.jar;C:\Users\91973\.m2\repository\org\springframework\security\spring-security-oauth2-client\6.5.5\spring-security-oauth2-client-6.5.5.jar;C:\Users\91973\.m2\repository\org\springframework\security\spring-security-oauth2-core\6.5.5\spring-security-oauth2-core-6.5.5.jar;C:\Users\91973\.m2\repository\com\nimbusds\oauth2-oidc-sdk\9.43.6\oauth2-oidc-sdk-9.43.6.jar;C:\Users\91973\.m2\repository\com\github\stephenc\jcip\jcip-annotations\1.0-1\jcip-annotations-1.0-1.jar;C:\Users\91973\.m2\repository\com\nimbusds\content-type\2.2\content-type-2.2.jar;C:\Users\91973\.m2\repository\com\nimbusds\lang-tag\1.7\lang-tag-1.7.jar;C:\Users\91973\.m2\repository\org\springframework\security\spring-security-oauth2-jose\6.5.5\spring-security-oauth2-jose-6.5.5.jar;C:\Users\91973\.m2\repository\com\nimbusds\nimbus-jose-jwt\9.37.4\nimbus-jose-jwt-9.37.4.jar
Launcher Type: SUN_STANDARD

[Global flags]
     intx CICompilerCount                          = 4                                         {product} {ergonomic}
     uint ConcGCThreads                            = 3                                         {product} {ergonomic}
     uint G1ConcRefinementThreads                  = 10                                        {product} {ergonomic}
   size_t G1HeapRegionSize                         = 1048576                                   {product} {ergonomic}
    uintx GCDrainStackTargetSize                   = 64                                        {product} {ergonomic}
   size_t InitialHeapSize                          = 123731968                                 {product} {ergonomic}
   size_t MarkStackSize                            = 4194304                                   {product} {ergonomic}
   size_t MaxHeapSize                              = 1973420032                                {product} {ergonomic}
   size_t MaxNewSize                               = 1183842304                                {product} {ergonomic}
   size_t MinHeapDeltaBytes                        = 1048576                                   {product} {ergonomic}
   size_t MinHeapSize                              = 8388608                                   {product} {ergonomic}
    uintx NonNMethodCodeHeapSize                   = 5839372                                {pd product} {ergonomic}
    uintx NonProfiledCodeHeapSize                  = 122909434                              {pd product} {ergonomic}
    uintx ProfiledCodeHeapSize                     = 122909434                              {pd product} {ergonomic}
    uintx ReservedCodeCacheSize                    = 251658240                              {pd product} {ergonomic}
     bool SegmentedCodeCache                       = true                                      {product} {ergonomic}
   size_t SoftMaxHeapSize                          = 1973420032                             {manageable} {ergonomic}
     bool UseCompressedOops                        = true                           {product lp64_product} {ergonomic}
     bool UseG1GC                                  = true                                      {product} {ergonomic}
     bool UseLargePagesIndividualAllocation        = false                                  {pd product} {ergonomic}

Logging:
Log output configuration:
 #0: stdout all=warning uptime,level,tags foldmultilines=false
 #1: stderr all=off uptime,level,tags foldmultilines=false

Environment Variables:
JAVA_HOME=C:\Program Files\Java\jdk-21
PATH=C:\Program Files\Common Files\Oracle\Java\javapath;C:\app\91973\product\21c\dbhomeXE\bin;C:\windows\system32;C:\windows;C:\windows\System32\Wbem;C:\windows\System32\WindowsPowerShell\v1.0\;C:\windows\System32\OpenSSH\;C:\Program Files (x86)\NVIDIA Corporation\PhysX\Common;C:\Program Files\NVIDIA Corporation\NVIDIA NvDLISR;C:\MinGW\bin;C:\Users\91973\OneDrive\Documents\MATLAB\runtime\win64;C:\Users\91973\OneDrive\Documents\MATLAB\bin;C:\WINDOWS\system32;C:\WINDOWS;C:\WINDOWS\System32\Wbem;C:\WINDOWS\System32\WindowsPowerShell\v1.0\;C:\WINDOWS\System32\OpenSSH\;C:\ProgramData\chocolatey\bin;C:\Program Files\MongoDB\Server\6.0\bin;C:\mongodb-database-tools-windows-x86_64-100.7.3\bin;C:\Program Files\MySQL\MySQL Server 8.0\bin;C:\Program Files\HP\HP One Agent;C:\WINDOWS\system32;C:\WINDOWS;C:\WINDOWS\System32\Wbem;C:\WINDOWS\System32\WindowsPowerShell\v1.0\;C:\WINDOWS\System32\OpenSSH\;C:\Program Files\Git\cmd;C:\Program Files\PowerShell\7\;C:\Program Files\Docker\Docker\resources\bin;C:\Users\91973\AppData\Local\nvm;C:\nvm4w\nodejs;C:\Oracle\Middleware\Oracle_Home\bi\bifoundation\server\bin;C:\Oracle\Middleware\Oracle_Home\bin;C:\app\91973\product\21c\dbhomeXE\bin;C:\windows\system32;C:\windows;C:\windows\System32\Wbem;C:\windows\System32\WindowsPowerShell\v1.0\;C:\windows\System32\OpenSSH\;C:\Program Files (x86)\NVIDIA Corporation\PhysX\Common;C:\Program Files\NVIDIA Corporation\NVIDIA NvDLISR;C:\MinGW\bin;C:\Users\91973\OneDrive\Documents\MATLAB\runtime\win64;C:\Users\91973\OneDrive\Documents\MATLAB\bin;C:\WINDOWS\system32;C:\WINDOWS;C:\WINDOWS\System32\Wbem;C:\WINDOWS\System32\WindowsPowerShell\v1.0\;C:\WINDOWS\System32\OpenSSH\;C:\ProgramData\chocolatey\bin;C:\Program Files\MongoDB\Server\6.0\bin;C:\mongodb-database-tools-windows-x86_64-100.7.3\bin;C:\Program Files\MySQL\MySQL Server 8.0\bin;C:\Program Files\HP\HP One Agent;C:\Program Files\PowerShell\7\;C:\Users\91973\AppData\Local\Programs\Python\Python312\Scripts\;C:\Users\91973\AppData\Local\Programs\Python\Python312\;C:\Program Files\MySQL\MySQL Shell 8;C:\Program Files\JetBrains\IntelliJ IDEA 2024.3.2.2\bin;;C:\Users\91973\AppData\Local\Microsoft\WindowsApps;C:\Program Files\JetBrains\IntelliJ IDEA Community Edition 2024.3.3\bin;;C:\Users\91973\apache-maven-3.9.9\bin;C:\Program Files\Java\jdk-21\bin;C:\Users\91973\AppData\Local\Programs\Microsoft VS Code\bin;C:\Users\91973\AppData\Local\nvm;C:\nvm4w\nodejs;C:\Users\91973\AppData\Local\Programs\Hyper\resources\bin
USERNAME=91973
OS=Windows_NT
PROCESSOR_IDENTIFIER=AMD64 Family 25 Model 80 Stepping 0, AuthenticAMD
TMP=C:\Users\91973\AppData\Local\Temp
TEMP=C:\Users\91973\AppData\Local\Temp




Periodic native trim disabled

---------------  S Y S T E M  ---------------

OS:
 Windows 11 , 64 bit Build 26100 (10.0.26100.7019)
OS uptime: 0 days 3:43 hours
Hyper-V role detected

CPU: total 12 (initial active 12) (12 cores per cpu, 2 threads per core) family 25 model 80 stepping 0 microcode 0xa50000d, cx8, cmov, fxsr, ht, mmx, 3dnowpref, sse, sse2, sse3, ssse3, sse4a, sse4.1, sse4.2, popcnt, lzcnt, tsc, tscinvbit, avx, avx2, aes, erms, clmul, bmi1, bmi2, adx, sha, fma, vzeroupper, clflush, clflushopt, hv, rdtscp, rdpid, fsrm, f16c, cet_ss
Processor Information for processor 0
  Max Mhz: 3301, Current Mhz: 2011, Mhz Limit: 3301
Processor Information for processor 1
  Max Mhz: 3301, Current Mhz: 2011, Mhz Limit: 3301
Processor Information for processor 2
  Max Mhz: 3301, Current Mhz: 2011, Mhz Limit: 3301
Processor Information for processor 3
  Max Mhz: 3301, Current Mhz: 2011, Mhz Limit: 3301
Processor Information for processor 4
  Max Mhz: 3301, Current Mhz: 2011, Mhz Limit: 3301
Processor Information for processor 5
  Max Mhz: 3301, Current Mhz: 2011, Mhz Limit: 3301
Processor Information for processor 6
  Max Mhz: 3301, Current Mhz: 3301, Mhz Limit: 3301
Processor Information for processor 7
  Max Mhz: 3301, Current Mhz: 2011, Mhz Limit: 3301
Processor Information for processor 8
  Max Mhz: 3301, Current Mhz: 2011, Mhz Limit: 3301
Processor Information for processor 9
  Max Mhz: 3301, Current Mhz: 2011, Mhz Limit: 3301
Processor Information for processor 10
  Max Mhz: 3301, Current Mhz: 3301, Mhz Limit: 3301
Processor Information for processor 11
  Max Mhz: 3301, Current Mhz: 3301, Mhz Limit: 3301

Memory: 4k page, system-wide physical 7521M (515M free)
TotalPageFile size 31073M (AvailPageFile size 0M)
current process WorkingSet (physical memory assigned to process): 57M, peak: 335M
current process commit charge ("private bytes"): 355M, peak: 382M

vm_info: Java HotSpot(TM) 64-Bit Server VM (21.0.5+9-LTS-239) for windows-amd64 JRE (21.0.5+9-LTS-239), built on 2024-09-30T05:17:38Z by "mach5one" with MS VC++ 17.6 (VS2022)

END.
