#
# There is insufficient memory for the Java Runtime Environment to continue.
# Native memory allocation (malloc) failed to allocate 1447536 bytes for Chunk::new
# Possible reasons:
#   The system is out of physical RAM or swap space
#   The process is running with CompressedOops enabled, and the Java Heap may be blocking the growth of the native heap
# Possible solutions:
#   Reduce memory load on the system
#   Increase physical memory or swap space
#   Check if swap backing store is full
#   Decrease Java heap size (-Xmx/-Xms)
#   Decrease number of Java threads
#   Decrease Java thread stack sizes (-Xss)
#   Set larger code cache with -XX:ReservedCodeCacheSize=
#   JVM is running with Unscaled Compressed Oops mode in which the Java heap is
#     placed in the first 4GB address space. The Java Heap base address is the
#     maximum limit for the native heap growth. Please use -XX:HeapBaseMinAddress
#     to set the Java Heap base and to place the Java Heap above 4GB virtual address.
# This output file may be truncated or incomplete.
#
#  Out of Memory Error (arena.cpp:168), pid=19104, tid=19572
#
# JRE version: Java(TM) SE Runtime Environment (21.0.5+9) (build 21.0.5+9-LTS-239)
# Java VM: Java HotSpot(TM) 64-Bit Server VM (21.0.5+9-LTS-239, mixed mode, sharing, tiered, compressed oops, compressed class ptrs, g1 gc, windows-amd64)
# No core dump will be written. Minidumps are not enabled by default on client versions of Windows
#

---------------  S U M M A R Y ------------

Command Line: -javaagent:C:\Program Files\JetBrains\IntelliJ IDEA Community Edition 2024.3.3\lib\idea_rt.jar=56589:C:\Program Files\JetBrains\IntelliJ IDEA Community Edition 2024.3.3\bin -Dfile.encoding=UTF-8 -Dsun.stdout.encoding=UTF-8 -Dsun.stderr.encoding=UTF-8 com.iCare.User_Service.UserServiceApplication

Host: AMD Ryzen 5 5600H with Radeon Graphics         , 12 cores, 7G,  Windows 11 , 64 bit Build 26100 (10.0.26100.7309)
Time: Mon Dec 22 00:59:49 2025 India Standard Time elapsed time: 32.589997 seconds (0d 0h 0m 32s)

---------------  T H R E A D  ---------------

Current thread (0x00000205dff11e50):  JavaThread "C2 CompilerThread0" daemon [_thread_in_native, id=19572, stack(0x0000005e24700000,0x0000005e24800000) (1024K)]


Current CompileTask:
C2:  32590 7173       4       org.springframework.core.annotation.AnnotatedElementUtils::getMergedAnnotationAttributes (22 bytes)

Stack: [0x0000005e24700000,0x0000005e24800000]
Native frames: (J=compiled Java code, j=interpreted, Vv=VM code, C=native code)
V  [jvm.dll+0x6ca289]
V  [jvm.dll+0x854a51]
V  [jvm.dll+0x856f7e]
V  [jvm.dll+0x857653]
V  [jvm.dll+0x27dd26]
V  [jvm.dll+0xc4c2d]
V  [jvm.dll+0xc5163]
V  [jvm.dll+0x3b4d02]
V  [jvm.dll+0x3814b5]
V  [jvm.dll+0x38092a]
V  [jvm.dll+0x246910]
V  [jvm.dll+0x245eef]
V  [jvm.dll+0x1c6d0e]
V  [jvm.dll+0x2554d9]
V  [jvm.dll+0x253a6a]
V  [jvm.dll+0x3ee136]
V  [jvm.dll+0x7fee9b]
V  [jvm.dll+0x6c896d]
C  [ucrtbase.dll+0x37b0]
C  [KERNEL32.DLL+0x2e8d7]
C  [ntdll.dll+0x8c53c]


---------------  P R O C E S S  ---------------

Threads class SMR info:
_java_thread_list=0x00000206283e1eb0, length=19, elements={
0x00000205c3400e20, 0x00000205dff07bf0, 0x00000205dff09360, 0x00000205dff0daf0,
0x00000205dff10680, 0x00000205dff330e0, 0x00000205dff110d0, 0x00000205dff11e50,
0x00000205dff3c5d0, 0x00000206251f4bb0, 0x0000020625896770, 0x0000020625896dd0,
0x00000206262380c0, 0x0000020626238720, 0x0000020628bad960, 0x0000020628a6d950,
0x000002062873f370, 0x00000206292f0390, 0x00000206292f2af0
}

Java Threads: ( => current thread )
  0x00000205c3400e20 JavaThread "main"                              [_thread_blocked, id=35028, stack(0x0000005e23900000,0x0000005e23a00000) (1024K)]
  0x00000205dff07bf0 JavaThread "Reference Handler"          daemon [_thread_blocked, id=11756, stack(0x0000005e24100000,0x0000005e24200000) (1024K)]
  0x00000205dff09360 JavaThread "Finalizer"                  daemon [_thread_blocked, id=3500, stack(0x0000005e24200000,0x0000005e24300000) (1024K)]
  0x00000205dff0daf0 JavaThread "Signal Dispatcher"          daemon [_thread_blocked, id=35604, stack(0x0000005e24300000,0x0000005e24400000) (1024K)]
  0x00000205dff10680 JavaThread "Attach Listener"            daemon [_thread_blocked, id=9700, stack(0x0000005e24400000,0x0000005e24500000) (1024K)]
  0x00000205dff330e0 JavaThread "Service Thread"             daemon [_thread_blocked, id=19632, stack(0x0000005e24500000,0x0000005e24600000) (1024K)]
  0x00000205dff110d0 JavaThread "Monitor Deflation Thread"   daemon [_thread_blocked, id=3204, stack(0x0000005e24600000,0x0000005e24700000) (1024K)]
=>0x00000205dff11e50 JavaThread "C2 CompilerThread0"         daemon [_thread_in_native, id=19572, stack(0x0000005e24700000,0x0000005e24800000) (1024K)]
  0x00000205dff3c5d0 JavaThread "C1 CompilerThread0"         daemon [_thread_blocked, id=30440, stack(0x0000005e24800000,0x0000005e24900000) (1024K)]
  0x00000206251f4bb0 JavaThread "Common-Cleaner"             daemon [_thread_blocked, id=33428, stack(0x0000005e24900000,0x0000005e24a00000) (1024K)]
  0x0000020625896770 JavaThread "Monitor Ctrl-Break"         daemon [_thread_in_native, id=38384, stack(0x0000005e24a00000,0x0000005e24b00000) (1024K)]
  0x0000020625896dd0 JavaThread "Notification Thread"        daemon [_thread_blocked, id=38292, stack(0x0000005e24b00000,0x0000005e24c00000) (1024K)]
  0x00000206262380c0 JavaThread "Thread-0"                          [_thread_blocked, id=35060, stack(0x0000005e25200000,0x0000005e25300000) (1024K)]
  0x0000020626238720 JavaThread "restartedMain"                     [_thread_in_Java, id=35804, stack(0x0000005e25300000,0x0000005e25400000) (1024K)]
  0x0000020628bad960 JavaThread "Catalina-utility-1"                [_thread_blocked, id=38076, stack(0x0000005e25a00000,0x0000005e25b00000) (1024K)]
  0x0000020628a6d950 JavaThread "Catalina-utility-2"                [_thread_blocked, id=32280, stack(0x0000005e25b00000,0x0000005e25c00000) (1024K)]
  0x000002062873f370 JavaThread "container-0"                       [_thread_blocked, id=36360, stack(0x0000005e25c00000,0x0000005e25d00000) (1024K)]
  0x00000206292f0390 JavaThread "mysql-cj-abandoned-connection-cleanup" daemon [_thread_blocked, id=21612, stack(0x0000005e25d00000,0x0000005e25e00000) (1024K)]
  0x00000206292f2af0 JavaThread "HikariPool-1:housekeeper"   daemon [_thread_blocked, id=27492, stack(0x0000005e26000000,0x0000005e26100000) (1024K)]
Total: 19

Other Threads:
  0x00000205dfeef190 VMThread "VM Thread"                           [id=15516, stack(0x0000005e24000000,0x0000005e24100000) (1024K)]
  0x00000205dfedccf0 WatcherThread "VM Periodic Task Thread"        [id=38168, stack(0x0000005e23f00000,0x0000005e24000000) (1024K)]
  0x00000205c34554d0 WorkerThread "GC Thread#0"                     [id=27148, stack(0x0000005e23a00000,0x0000005e23b00000) (1024K)]
  0x0000020625b4c890 WorkerThread "GC Thread#1"                     [id=7396, stack(0x0000005e24c00000,0x0000005e24d00000) (1024K)]
  0x0000020625b4fc70 WorkerThread "GC Thread#2"                     [id=15860, stack(0x0000005e24d00000,0x0000005e24e00000) (1024K)]
  0x0000020625b50010 WorkerThread "GC Thread#3"                     [id=36560, stack(0x0000005e24e00000,0x0000005e24f00000) (1024K)]
  0x0000020625b503b0 WorkerThread "GC Thread#4"                     [id=38536, stack(0x0000005e24f00000,0x0000005e25000000) (1024K)]
  0x0000020625e70520 WorkerThread "GC Thread#5"                     [id=9464, stack(0x0000005e25000000,0x0000005e25100000) (1024K)]
  0x0000020625e708c0 WorkerThread "GC Thread#6"                     [id=25044, stack(0x0000005e25100000,0x0000005e25200000) (1024K)]
  0x0000020626880800 WorkerThread "GC Thread#7"                     [id=2264, stack(0x0000005e25500000,0x0000005e25600000) (1024K)]
  0x00000206276d81d0 WorkerThread "GC Thread#8"                     [id=32584, stack(0x0000005e25600000,0x0000005e25700000) (1024K)]
  0x000002062656b700 WorkerThread "GC Thread#9"                     [id=26592, stack(0x0000005e25700000,0x0000005e25800000) (1024K)]
  0x00000205c3464f00 ConcurrentGCThread "G1 Main Marker"            [id=23720, stack(0x0000005e23b00000,0x0000005e23c00000) (1024K)]
  0x00000205c3465910 WorkerThread "G1 Conc#0"                       [id=34284, stack(0x0000005e23c00000,0x0000005e23d00000) (1024K)]
  0x000002062656c1e0 WorkerThread "G1 Conc#1"                       [id=29036, stack(0x0000005e25800000,0x0000005e25900000) (1024K)]
  0x000002062656baa0 WorkerThread "G1 Conc#2"                       [id=7720, stack(0x0000005e25900000,0x0000005e25a00000) (1024K)]
  0x00000205dfda75b0 ConcurrentGCThread "G1 Refine#0"               [id=3628, stack(0x0000005e23d00000,0x0000005e23e00000) (1024K)]
  0x00000205dfdaadf0 ConcurrentGCThread "G1 Service"                [id=34488, stack(0x0000005e23e00000,0x0000005e23f00000) (1024K)]
Total: 18

Threads with active compile tasks:
C2 CompilerThread0    32619 7173       4       org.springframework.core.annotation.AnnotatedElementUtils::getMergedAnnotationAttributes (22 bytes)
C1 CompilerThread0    32619 7200       3       org.springframework.context.support.AbstractApplicationContext::assertBeanFactoryActive (55 bytes)
Total: 2

VM state: not at safepoint (normal execution)

VM Mutex/Monitor currently owned by a thread: None

Heap address: 0x000000008a600000, size: 1882 MB, Compressed Oops mode: 32-bit

CDS archive(s) mapped at: [0x00000205e0000000-0x00000205e0c90000-0x00000205e0c90000), size 13172736, SharedBaseAddress: 0x00000205e0000000, ArchiveRelocationMode: 1.
Compressed class space mapped at: 0x00000205e1000000-0x0000020621000000, reserved size: 1073741824
Narrow klass base: 0x00000205e0000000, Narrow klass shift: 0, Narrow klass range: 0x100000000

GC Precious Log:
 CardTable entry size: 512
 Card Set container configuration: InlinePtr #cards 5 size 8 Array Of Cards #cards 12 size 40 Howl #buckets 4 coarsen threshold 1843 Howl Bitmap #cards 512 size 80 coarsen threshold 460 Card regions per heap region 1 cards per card region 2048
 CPUs: 12 total, 12 available
 Memory: 7521M
 Large Page Support: Disabled
 NUMA Support: Disabled
 Compressed Oops: Enabled (32-bit)
 Heap Region Size: 1M
 Heap Min Capacity: 8M
 Heap Initial Capacity: 118M
 Heap Max Capacity: 1882M
 Pre-touch: Disabled
 Parallel Workers: 10
 Concurrent Workers: 3
 Concurrent Refinement Workers: 10
 Periodic GC: Disabled

Heap:
 garbage-first heap   total 95232K, used 60635K [0x000000008a600000, 0x0000000100000000)
  region size 1024K, 23 young (23552K), 6 survivors (6144K)
 Metaspace       used 79624K, committed 80320K, reserved 1179648K
  class space    used 10646K, committed 10944K, reserved 1048576K

Heap Regions: E=young(eden), S=young(survivor), O=old, HS=humongous(starts), HC=humongous(continues), CS=collection set, F=free, TAMS=top-at-mark-start, PB=parsable bottom
|   0|0x000000008a600000, 0x000000008a700000, 0x000000008a700000|100%|HS|  |TAMS 0x000000008a600000| PB 0x000000008a600000| Complete 
|   1|0x000000008a700000, 0x000000008a800000, 0x000000008a800000|100%|HS|  |TAMS 0x000000008a700000| PB 0x000000008a700000| Complete 
|   2|0x000000008a800000, 0x000000008a900000, 0x000000008a900000|100%|HS|  |TAMS 0x000000008a800000| PB 0x000000008a800000| Complete 
|   3|0x000000008a900000, 0x000000008aa00000, 0x000000008aa00000|100%| O|  |TAMS 0x000000008a900000| PB 0x000000008a900000| Untracked 
|   4|0x000000008aa00000, 0x000000008ab00000, 0x000000008ab00000|100%| O|  |TAMS 0x000000008aa00000| PB 0x000000008aa00000| Untracked 
|   5|0x000000008ab00000, 0x000000008ac00000, 0x000000008ac00000|100%| O|  |TAMS 0x000000008ab00000| PB 0x000000008ab00000| Untracked 
|   6|0x000000008ac00000, 0x000000008ad00000, 0x000000008ad00000|100%| O|  |TAMS 0x000000008ac00000| PB 0x000000008ac00000| Untracked 
|   7|0x000000008ad00000, 0x000000008ae00000, 0x000000008ae00000|100%| O|  |TAMS 0x000000008ad00000| PB 0x000000008ad00000| Untracked 
|   8|0x000000008ae00000, 0x000000008af00000, 0x000000008af00000|100%| O|  |TAMS 0x000000008ae00000| PB 0x000000008ae00000| Untracked 
|   9|0x000000008af00000, 0x000000008b000000, 0x000000008b000000|100%| O|  |TAMS 0x000000008af00000| PB 0x000000008af00000| Untracked 
|  10|0x000000008b000000, 0x000000008b100000, 0x000000008b100000|100%| O|  |TAMS 0x000000008b000000| PB 0x000000008b000000| Untracked 
|  11|0x000000008b100000, 0x000000008b200000, 0x000000008b200000|100%| O|  |TAMS 0x000000008b100000| PB 0x000000008b100000| Untracked 
|  12|0x000000008b200000, 0x000000008b300000, 0x000000008b300000|100%| O|  |TAMS 0x000000008b200000| PB 0x000000008b200000| Untracked 
|  13|0x000000008b300000, 0x000000008b400000, 0x000000008b400000|100%| O|  |TAMS 0x000000008b300000| PB 0x000000008b300000| Untracked 
|  14|0x000000008b400000, 0x000000008b500000, 0x000000008b500000|100%| O|  |TAMS 0x000000008b400000| PB 0x000000008b400000| Untracked 
|  15|0x000000008b500000, 0x000000008b600000, 0x000000008b600000|100%| O|  |TAMS 0x000000008b500000| PB 0x000000008b500000| Untracked 
|  16|0x000000008b600000, 0x000000008b700000, 0x000000008b700000|100%| O|  |TAMS 0x000000008b600000| PB 0x000000008b600000| Untracked 
|  17|0x000000008b700000, 0x000000008b7ad880, 0x000000008b800000| 67%| O|  |TAMS 0x000000008b700000| PB 0x000000008b700000| Untracked 
|  18|0x000000008b800000, 0x000000008b900000, 0x000000008b900000|100%| O|  |TAMS 0x000000008b800000| PB 0x000000008b800000| Untracked 
|  19|0x000000008b900000, 0x000000008ba00000, 0x000000008ba00000|100%| O|  |TAMS 0x000000008b900000| PB 0x000000008b900000| Untracked 
|  20|0x000000008ba00000, 0x000000008bb00000, 0x000000008bb00000|100%| O|  |TAMS 0x000000008ba00000| PB 0x000000008ba00000| Untracked 
|  21|0x000000008bb00000, 0x000000008bc00000, 0x000000008bc00000|100%| O|  |TAMS 0x000000008bb00000| PB 0x000000008bb00000| Untracked 
|  22|0x000000008bc00000, 0x000000008bd00000, 0x000000008bd00000|100%| O|  |TAMS 0x000000008bc00000| PB 0x000000008bc00000| Untracked 
|  23|0x000000008bd00000, 0x000000008be00000, 0x000000008be00000|100%| O|  |TAMS 0x000000008bd00000| PB 0x000000008bd00000| Untracked 
|  24|0x000000008be00000, 0x000000008bf00000, 0x000000008bf00000|100%| O|  |TAMS 0x000000008be00000| PB 0x000000008be00000| Untracked 
|  25|0x000000008bf00000, 0x000000008c000000, 0x000000008c000000|100%| O|  |TAMS 0x000000008bf00000| PB 0x000000008bf00000| Untracked 
|  26|0x000000008c000000, 0x000000008c100000, 0x000000008c100000|100%| O|  |TAMS 0x000000008c000000| PB 0x000000008c000000| Untracked 
|  27|0x000000008c100000, 0x000000008c200000, 0x000000008c200000|100%| O|  |TAMS 0x000000008c100000| PB 0x000000008c100000| Untracked 
|  28|0x000000008c200000, 0x000000008c300000, 0x000000008c300000|100%| O|  |TAMS 0x000000008c200000| PB 0x000000008c200000| Untracked 
|  29|0x000000008c300000, 0x000000008c400000, 0x000000008c400000|100%| O|  |TAMS 0x000000008c300000| PB 0x000000008c300000| Untracked 
|  30|0x000000008c400000, 0x000000008c500000, 0x000000008c500000|100%| O|  |TAMS 0x000000008c400000| PB 0x000000008c400000| Untracked 
|  31|0x000000008c500000, 0x000000008c600000, 0x000000008c600000|100%| O|  |TAMS 0x000000008c500000| PB 0x000000008c500000| Untracked 
|  32|0x000000008c600000, 0x000000008c700000, 0x000000008c700000|100%| O|  |TAMS 0x000000008c600000| PB 0x000000008c600000| Untracked 
|  33|0x000000008c700000, 0x000000008c800000, 0x000000008c800000|100%| O|  |TAMS 0x000000008c700000| PB 0x000000008c700000| Untracked 
|  34|0x000000008c800000, 0x000000008c900000, 0x000000008c900000|100%| O|  |TAMS 0x000000008c800000| PB 0x000000008c800000| Untracked 
|  35|0x000000008c900000, 0x000000008c900000, 0x000000008ca00000|  0%| F|  |TAMS 0x000000008c900000| PB 0x000000008c900000| Untracked 
|  36|0x000000008ca00000, 0x000000008cb00000, 0x000000008cb00000|100%| O|  |TAMS 0x000000008ca00000| PB 0x000000008ca00000| Untracked 
|  37|0x000000008cb00000, 0x000000008cb89778, 0x000000008cc00000| 53%| O|  |TAMS 0x000000008cb00000| PB 0x000000008cb00000| Untracked 
|  38|0x000000008cc00000, 0x000000008cc00000, 0x000000008cd00000|  0%| F|  |TAMS 0x000000008cc00000| PB 0x000000008cc00000| Untracked 
|  39|0x000000008cd00000, 0x000000008cd00000, 0x000000008ce00000|  0%| F|  |TAMS 0x000000008cd00000| PB 0x000000008cd00000| Untracked 
|  40|0x000000008ce00000, 0x000000008ce00000, 0x000000008cf00000|  0%| F|  |TAMS 0x000000008ce00000| PB 0x000000008ce00000| Untracked 
|  41|0x000000008cf00000, 0x000000008d000000, 0x000000008d000000|100%| S|CS|TAMS 0x000000008cf00000| PB 0x000000008cf00000| Complete 
|  42|0x000000008d000000, 0x000000008d100000, 0x000000008d100000|100%| S|CS|TAMS 0x000000008d000000| PB 0x000000008d000000| Complete 
|  43|0x000000008d100000, 0x000000008d200000, 0x000000008d200000|100%| S|CS|TAMS 0x000000008d100000| PB 0x000000008d100000| Complete 
|  44|0x000000008d200000, 0x000000008d200000, 0x000000008d300000|  0%| F|  |TAMS 0x000000008d200000| PB 0x000000008d200000| Untracked 
|  45|0x000000008d300000, 0x000000008d300000, 0x000000008d400000|  0%| F|  |TAMS 0x000000008d300000| PB 0x000000008d300000| Untracked 
|  46|0x000000008d400000, 0x000000008d500000, 0x000000008d500000|100%| S|CS|TAMS 0x000000008d400000| PB 0x000000008d400000| Complete 
|  47|0x000000008d500000, 0x000000008d600000, 0x000000008d600000|100%| S|CS|TAMS 0x000000008d500000| PB 0x000000008d500000| Complete 
|  48|0x000000008d600000, 0x000000008d700000, 0x000000008d700000|100%| S|CS|TAMS 0x000000008d600000| PB 0x000000008d600000| Complete 
|  49|0x000000008d700000, 0x000000008d700000, 0x000000008d800000|  0%| F|  |TAMS 0x000000008d700000| PB 0x000000008d700000| Untracked 
|  50|0x000000008d800000, 0x000000008d800000, 0x000000008d900000|  0%| F|  |TAMS 0x000000008d800000| PB 0x000000008d800000| Untracked 
|  51|0x000000008d900000, 0x000000008d900000, 0x000000008da00000|  0%| F|  |TAMS 0x000000008d900000| PB 0x000000008d900000| Untracked 
|  52|0x000000008da00000, 0x000000008da00000, 0x000000008db00000|  0%| F|  |TAMS 0x000000008da00000| PB 0x000000008da00000| Untracked 
|  53|0x000000008db00000, 0x000000008db00000, 0x000000008dc00000|  0%| F|  |TAMS 0x000000008db00000| PB 0x000000008db00000| Untracked 
|  54|0x000000008dc00000, 0x000000008dc00000, 0x000000008dd00000|  0%| F|  |TAMS 0x000000008dc00000| PB 0x000000008dc00000| Untracked 
|  55|0x000000008dd00000, 0x000000008dd00000, 0x000000008de00000|  0%| F|  |TAMS 0x000000008dd00000| PB 0x000000008dd00000| Untracked 
|  56|0x000000008de00000, 0x000000008de00000, 0x000000008df00000|  0%| F|  |TAMS 0x000000008de00000| PB 0x000000008de00000| Untracked 
|  57|0x000000008df00000, 0x000000008df00000, 0x000000008e000000|  0%| F|  |TAMS 0x000000008df00000| PB 0x000000008df00000| Untracked 
|  58|0x000000008e000000, 0x000000008e000000, 0x000000008e100000|  0%| F|  |TAMS 0x000000008e000000| PB 0x000000008e000000| Untracked 
|  59|0x000000008e100000, 0x000000008e100000, 0x000000008e200000|  0%| F|  |TAMS 0x000000008e100000| PB 0x000000008e100000| Untracked 
|  60|0x000000008e200000, 0x000000008e200000, 0x000000008e300000|  0%| F|  |TAMS 0x000000008e200000| PB 0x000000008e200000| Untracked 
|  61|0x000000008e300000, 0x000000008e300000, 0x000000008e400000|  0%| F|  |TAMS 0x000000008e300000| PB 0x000000008e300000| Untracked 
|  62|0x000000008e400000, 0x000000008e400000, 0x000000008e500000|  0%| F|  |TAMS 0x000000008e400000| PB 0x000000008e400000| Untracked 
|  63|0x000000008e500000, 0x000000008e500000, 0x000000008e600000|  0%| F|  |TAMS 0x000000008e500000| PB 0x000000008e500000| Untracked 
|  64|0x000000008e600000, 0x000000008e600000, 0x000000008e700000|  0%| F|  |TAMS 0x000000008e600000| PB 0x000000008e600000| Untracked 
|  65|0x000000008e700000, 0x000000008e700000, 0x000000008e800000|  0%| F|  |TAMS 0x000000008e700000| PB 0x000000008e700000| Untracked 
|  66|0x000000008e800000, 0x000000008e800000, 0x000000008e900000|  0%| F|  |TAMS 0x000000008e800000| PB 0x000000008e800000| Untracked 
|  67|0x000000008e900000, 0x000000008e900000, 0x000000008ea00000|  0%| F|  |TAMS 0x000000008e900000| PB 0x000000008e900000| Untracked 
|  68|0x000000008ea00000, 0x000000008ea00000, 0x000000008eb00000|  0%| F|  |TAMS 0x000000008ea00000| PB 0x000000008ea00000| Untracked 
|  69|0x000000008eb00000, 0x000000008eb00000, 0x000000008ec00000|  0%| F|  |TAMS 0x000000008eb00000| PB 0x000000008eb00000| Untracked 
|  70|0x000000008ec00000, 0x000000008ec00000, 0x000000008ed00000|  0%| F|  |TAMS 0x000000008ec00000| PB 0x000000008ec00000| Untracked 
|  71|0x000000008ed00000, 0x000000008ed00000, 0x000000008ee00000|  0%| F|  |TAMS 0x000000008ed00000| PB 0x000000008ed00000| Untracked 
|  72|0x000000008ee00000, 0x000000008ee00000, 0x000000008ef00000|  0%| F|  |TAMS 0x000000008ee00000| PB 0x000000008ee00000| Untracked 
|  73|0x000000008ef00000, 0x000000008ef00000, 0x000000008f000000|  0%| F|  |TAMS 0x000000008ef00000| PB 0x000000008ef00000| Untracked 
|  74|0x000000008f000000, 0x000000008f080800, 0x000000008f100000| 50%| E|  |TAMS 0x000000008f000000| PB 0x000000008f000000| Complete 
|  75|0x000000008f100000, 0x000000008f200000, 0x000000008f200000|100%| E|CS|TAMS 0x000000008f100000| PB 0x000000008f100000| Complete 
|  76|0x000000008f200000, 0x000000008f300000, 0x000000008f300000|100%| E|CS|TAMS 0x000000008f200000| PB 0x000000008f200000| Complete 
|  77|0x000000008f300000, 0x000000008f400000, 0x000000008f400000|100%| E|CS|TAMS 0x000000008f300000| PB 0x000000008f300000| Complete 
|  78|0x000000008f400000, 0x000000008f500000, 0x000000008f500000|100%| E|CS|TAMS 0x000000008f400000| PB 0x000000008f400000| Complete 
|  79|0x000000008f500000, 0x000000008f600000, 0x000000008f600000|100%| E|CS|TAMS 0x000000008f500000| PB 0x000000008f500000| Complete 
|  80|0x000000008f600000, 0x000000008f700000, 0x000000008f700000|100%| E|CS|TAMS 0x000000008f600000| PB 0x000000008f600000| Complete 
|  81|0x000000008f700000, 0x000000008f800000, 0x000000008f800000|100%| E|CS|TAMS 0x000000008f700000| PB 0x000000008f700000| Complete 
|  82|0x000000008f800000, 0x000000008f900000, 0x000000008f900000|100%| E|CS|TAMS 0x000000008f800000| PB 0x000000008f800000| Complete 
|  83|0x000000008f900000, 0x000000008fa00000, 0x000000008fa00000|100%| E|CS|TAMS 0x000000008f900000| PB 0x000000008f900000| Complete 
|  84|0x000000008fa00000, 0x000000008fb00000, 0x000000008fb00000|100%| E|CS|TAMS 0x000000008fa00000| PB 0x000000008fa00000| Complete 
|  94|0x0000000090400000, 0x0000000090500000, 0x0000000090500000|100%| E|CS|TAMS 0x0000000090400000| PB 0x0000000090400000| Complete 
|  95|0x0000000090500000, 0x0000000090600000, 0x0000000090600000|100%| E|CS|TAMS 0x0000000090500000| PB 0x0000000090500000| Complete 
|  96|0x0000000090600000, 0x0000000090700000, 0x0000000090700000|100%| E|CS|TAMS 0x0000000090600000| PB 0x0000000090600000| Complete 
|  97|0x0000000090700000, 0x0000000090800000, 0x0000000090800000|100%| E|CS|TAMS 0x0000000090700000| PB 0x0000000090700000| Complete 
|  98|0x0000000090800000, 0x0000000090900000, 0x0000000090900000|100%| E|CS|TAMS 0x0000000090800000| PB 0x0000000090800000| Complete 
| 116|0x0000000091a00000, 0x0000000091b00000, 0x0000000091b00000|100%| E|CS|TAMS 0x0000000091a00000| PB 0x0000000091a00000| Complete 
| 117|0x0000000091b00000, 0x0000000091c00000, 0x0000000091c00000|100%| E|CS|TAMS 0x0000000091b00000| PB 0x0000000091b00000| Complete 
|1881|0x00000000fff00000, 0x0000000100000000, 0x0000000100000000|100%| O|  |TAMS 0x00000000fff00000| PB 0x00000000fff00000| Untracked 

Card table byte_map: [0x00000205db190000,0x00000205db540000] _byte_map_base: 0x00000205dad3d000

Marking Bits: (CMBitMap*) 0x00000205c3455ae0
 Bits: [0x00000205db540000, 0x00000205dd2a8000)

Polling page: 0x00000205c1320000

Metaspace:

Usage:
  Non-class:     67.36 MB used.
      Class:     10.40 MB used.
       Both:     77.76 MB used.

Virtual space:
  Non-class space:      128.00 MB reserved,      67.75 MB ( 53%) committed,  2 nodes.
      Class space:        1.00 GB reserved,      10.69 MB (  1%) committed,  1 nodes.
             Both:        1.12 GB reserved,      78.44 MB (  7%) committed. 

Chunk freelists:
   Non-Class:  11.39 MB
       Class:  5.33 MB
        Both:  16.72 MB

MaxMetaspaceSize: unlimited
CompressedClassSpaceSize: 1.00 GB
Initial GC threshold: 21.00 MB
Current GC threshold: 98.56 MB
CDS: on
 - commit_granule_bytes: 65536.
 - commit_granule_words: 8192.
 - virtual_space_node_default_size: 8388608.
 - enlarge_chunks_in_place: 1.
 - use_allocation_guard: 0.


Internal statistics:

num_allocs_failed_limit: 9.
num_arena_births: 1072.
num_arena_deaths: 0.
num_vsnodes_births: 3.
num_vsnodes_deaths: 0.
num_space_committed: 1255.
num_space_uncommitted: 0.
num_chunks_returned_to_freelist: 9.
num_chunks_taken_from_freelist: 3950.
num_chunk_merges: 9.
num_chunk_splits: 2823.
num_chunks_enlarged: 2163.
num_inconsistent_stats: 0.

CodeHeap 'non-profiled nmethods': size=120000Kb used=4952Kb max_used=4952Kb free=115047Kb
 bounds [0x00000205d3340000, 0x00000205d3820000, 0x00000205da870000]
CodeHeap 'profiled nmethods': size=120000Kb used=13297Kb max_used=13297Kb free=106702Kb
 bounds [0x00000205cb870000, 0x00000205cc570000, 0x00000205d2da0000]
CodeHeap 'non-nmethods': size=5760Kb used=1744Kb max_used=1815Kb free=4016Kb
 bounds [0x00000205d2da0000, 0x00000205d3010000, 0x00000205d3340000]
 total_blobs=7238 nmethods=6480 adapters=662
 compilation: enabled
              stopped_count=0, restarted_count=0
 full_count=0

Compilation events (20 events):
Event: 32.432 Thread 0x00000205dff3c5d0 7182       3       org.springframework.core.annotation.AttributeMethods::compute (72 bytes)
Event: 32.433 Thread 0x00000205dff3c5d0 nmethod 7182 0x00000205cc565510 code [0x00000205cc565740, 0x00000205cc565f88]
Event: 32.466 Thread 0x00000205dff3c5d0 7183       3       java.util.TreeMap::compare (32 bytes)
Event: 32.467 Thread 0x00000205dff3c5d0 nmethod 7183 0x00000205cc566210 code [0x00000205cc5663e0, 0x00000205cc566800]
Event: 32.467 Thread 0x00000205dff3c5d0 7184       3       java.util.LinkedHashSet::<init> (28 bytes)
Event: 32.467 Thread 0x00000205dff3c5d0 nmethod 7184 0x00000205cc566910 code [0x00000205cc566b20, 0x00000205cc566fd0]
Event: 32.522 Thread 0x00000205dff3c5d0 7186       3       java.util.TreeMap::addEntryToEmptyMap (37 bytes)
Event: 32.523 Thread 0x00000205dff3c5d0 nmethod 7186 0x00000205cc567190 code [0x00000205cc567380, 0x00000205cc567a68]
Event: 32.524 Thread 0x00000205dff3c5d0 7187       3       org.springframework.core.annotation.AnnotationTypeMapping$$Lambda/0x00000205e12057a8::extract (6 bytes)
Event: 32.524 Thread 0x00000205dff3c5d0 nmethod 7187 0x00000205cc567c90 code [0x00000205cc567e40, 0x00000205cc567f80]
Event: 32.525 Thread 0x00000205dff3c5d0 7189       1       org.springframework.http.server.PathContainer$Options::separator (5 bytes)
Event: 32.525 Thread 0x00000205dff3c5d0 nmethod 7189 0x00000205d3815890 code [0x00000205d3815a20, 0x00000205d3815af0]
Event: 32.525 Thread 0x00000205dff3c5d0 7190       1       org.springframework.web.util.pattern.PathPatternParser::getPathOptions (5 bytes)
Event: 32.525 Thread 0x00000205dff3c5d0 nmethod 7190 0x00000205d3815b90 code [0x00000205d3815d20, 0x00000205d3815de8]
Event: 32.526 Thread 0x00000205dff3c5d0 7191       3       org.springframework.core.annotation.SynthesizedMergedAnnotationInvocationHandler::getAttributeValue (46 bytes)
Event: 32.527 Thread 0x00000205dff3c5d0 nmethod 7191 0x00000205cc568010 code [0x00000205cc568260, 0x00000205cc568ad8]
Event: 32.527 Thread 0x00000205dff3c5d0 7192       3       org.springframework.core.annotation.SynthesizedMergedAnnotationInvocationHandler$$Lambda/0x00000205e14c11f0::<init> (15 bytes)
Event: 32.527 Thread 0x00000205dff3c5d0 nmethod 7192 0x00000205cc568e10 code [0x00000205cc568fc0, 0x00000205cc5691e0]
Event: 32.537 Thread 0x00000205dff3c5d0 7195       3       java.util.concurrent.atomic.AtomicBoolean::get (13 bytes)
Event: 32.537 Thread 0x00000205dff3c5d0 nmethod 7195 0x00000205cc569290 code [0x00000205cc569420, 0x00000205cc569588]

GC Heap History (20 events):
Event: 5.650 GC heap before
{Heap before GC invocations=3 (full 0):
 garbage-first heap   total 120832K, used 39945K [0x000000008a600000, 0x0000000100000000)
  region size 1024K, 25 young (25600K), 6 survivors (6144K)
 Metaspace       used 21189K, committed 21504K, reserved 1114112K
  class space    used 2628K, committed 2752K, reserved 1048576K
}
Event: 5.656 GC heap after
{Heap after GC invocations=4 (full 0):
 garbage-first heap   total 120832K, used 23147K [0x000000008a600000, 0x0000000100000000)
  region size 1024K, 5 young (5120K), 5 survivors (5120K)
 Metaspace       used 21189K, committed 21504K, reserved 1114112K
  class space    used 2628K, committed 2752K, reserved 1048576K
}
Event: 7.964 GC heap before
{Heap before GC invocations=5 (full 0):
 garbage-first heap   total 75776K, used 58987K [0x000000008a600000, 0x0000000100000000)
  region size 1024K, 44 young (45056K), 5 survivors (5120K)
 Metaspace       used 26465K, committed 26880K, reserved 1114112K
  class space    used 3267K, committed 3456K, reserved 1048576K
}
Event: 7.972 GC heap after
{Heap after GC invocations=6 (full 0):
 garbage-first heap   total 75776K, used 24325K [0x000000008a600000, 0x0000000100000000)
  region size 1024K, 6 young (6144K), 6 survivors (6144K)
 Metaspace       used 26465K, committed 26880K, reserved 1114112K
  class space    used 3267K, committed 3456K, reserved 1048576K
}
Event: 10.759 GC heap before
{Heap before GC invocations=6 (full 0):
 garbage-first heap   total 75776K, used 57093K [0x000000008a600000, 0x0000000100000000)
  region size 1024K, 39 young (39936K), 6 survivors (6144K)
 Metaspace       used 31436K, committed 31872K, reserved 1114112K
  class space    used 3991K, committed 4224K, reserved 1048576K
}
Event: 10.767 GC heap after
{Heap after GC invocations=7 (full 0):
 garbage-first heap   total 75776K, used 25280K [0x000000008a600000, 0x0000000100000000)
  region size 1024K, 3 young (3072K), 3 survivors (3072K)
 Metaspace       used 31436K, committed 31872K, reserved 1114112K
  class space    used 3991K, committed 4224K, reserved 1048576K
}
Event: 12.491 GC heap before
{Heap before GC invocations=7 (full 0):
 garbage-first heap   total 75776K, used 52928K [0x000000008a600000, 0x0000000100000000)
  region size 1024K, 31 young (31744K), 3 survivors (3072K)
 Metaspace       used 35675K, committed 36096K, reserved 1114112K
  class space    used 4592K, committed 4800K, reserved 1048576K
}
Event: 12.497 GC heap after
{Heap after GC invocations=8 (full 0):
 garbage-first heap   total 75776K, used 27969K [0x000000008a600000, 0x0000000100000000)
  region size 1024K, 5 young (5120K), 5 survivors (5120K)
 Metaspace       used 35675K, committed 36096K, reserved 1114112K
  class space    used 4592K, committed 4800K, reserved 1048576K
}
Event: 14.056 GC heap before
{Heap before GC invocations=9 (full 0):
 garbage-first heap   total 75776K, used 66881K [0x000000008a600000, 0x0000000100000000)
  region size 1024K, 39 young (39936K), 5 survivors (5120K)
 Metaspace       used 37980K, committed 38464K, reserved 1114112K
  class space    used 4864K, committed 5056K, reserved 1048576K
}
Event: 14.065 GC heap after
{Heap after GC invocations=10 (full 0):
 garbage-first heap   total 78848K, used 33091K [0x000000008a600000, 0x0000000100000000)
  region size 1024K, 5 young (5120K), 5 survivors (5120K)
 Metaspace       used 37980K, committed 38464K, reserved 1114112K
  class space    used 4864K, committed 5056K, reserved 1048576K
}
Event: 16.464 GC heap before
{Heap before GC invocations=10 (full 0):
 garbage-first heap   total 78848K, used 65859K [0x000000008a600000, 0x0000000100000000)
  region size 1024K, 36 young (36864K), 5 survivors (5120K)
 Metaspace       used 45462K, committed 46016K, reserved 1114112K
  class space    used 6011K, committed 6272K, reserved 1048576K
}
Event: 16.468 GC heap after
{Heap after GC invocations=11 (full 0):
 garbage-first heap   total 78848K, used 34912K [0x000000008a600000, 0x0000000100000000)
  region size 1024K, 3 young (3072K), 3 survivors (3072K)
 Metaspace       used 45462K, committed 46016K, reserved 1114112K
  class space    used 6011K, committed 6272K, reserved 1048576K
}
Event: 18.403 GC heap before
{Heap before GC invocations=11 (full 0):
 garbage-first heap   total 78848K, used 65632K [0x000000008a600000, 0x0000000100000000)
  region size 1024K, 33 young (33792K), 3 survivors (3072K)
 Metaspace       used 56744K, committed 57344K, reserved 1114112K
  class space    used 7376K, committed 7680K, reserved 1048576K
}
Event: 18.408 GC heap after
{Heap after GC invocations=12 (full 0):
 garbage-first heap   total 78848K, used 37995K [0x000000008a600000, 0x0000000100000000)
  region size 1024K, 5 young (5120K), 5 survivors (5120K)
 Metaspace       used 56744K, committed 57344K, reserved 1114112K
  class space    used 7376K, committed 7680K, reserved 1048576K
}
Event: 18.846 GC heap before
{Heap before GC invocations=12 (full 0):
 garbage-first heap   total 78848K, used 50283K [0x000000008a600000, 0x0000000100000000)
  region size 1024K, 18 young (18432K), 5 survivors (5120K)
 Metaspace       used 59696K, committed 60288K, reserved 1114112K
  class space    used 7718K, committed 8000K, reserved 1048576K
}
Event: 18.851 GC heap after
{Heap after GC invocations=13 (full 0):
 garbage-first heap   total 78848K, used 39204K [0x000000008a600000, 0x0000000100000000)
  region size 1024K, 2 young (2048K), 2 survivors (2048K)
 Metaspace       used 59696K, committed 60288K, reserved 1114112K
  class space    used 7718K, committed 8000K, reserved 1048576K
}
Event: 20.858 GC heap before
{Heap before GC invocations=14 (full 0):
 garbage-first heap   total 78848K, used 67876K [0x000000008a600000, 0x0000000100000000)
  region size 1024K, 30 young (30720K), 2 survivors (2048K)
 Metaspace       used 68527K, committed 69184K, reserved 1114112K
  class space    used 9160K, committed 9472K, reserved 1048576K
}
Event: 20.861 GC heap after
{Heap after GC invocations=15 (full 0):
 garbage-first heap   total 95232K, used 40111K [0x000000008a600000, 0x0000000100000000)
  region size 1024K, 2 young (2048K), 2 survivors (2048K)
 Metaspace       used 68527K, committed 69184K, reserved 1114112K
  class space    used 9160K, committed 9472K, reserved 1048576K
}
Event: 27.927 GC heap before
{Heap before GC invocations=15 (full 0):
 garbage-first heap   total 95232K, used 84143K [0x000000008a600000, 0x0000000100000000)
  region size 1024K, 45 young (46080K), 2 survivors (2048K)
 Metaspace       used 77253K, committed 77952K, reserved 1179648K
  class space    used 10316K, committed 10624K, reserved 1048576K
}
Event: 27.934 GC heap after
{Heap after GC invocations=16 (full 0):
 garbage-first heap   total 95232K, used 44251K [0x000000008a600000, 0x0000000100000000)
  region size 1024K, 6 young (6144K), 6 survivors (6144K)
 Metaspace       used 77253K, committed 77952K, reserved 1179648K
  class space    used 10316K, committed 10624K, reserved 1048576K
}

Dll operation events (14 events):
Event: 0.029 Loaded shared library C:\Program Files\Java\jdk-21\bin\java.dll
Event: 0.293 Loaded shared library C:\Program Files\Java\jdk-21\bin\jsvml.dll
Event: 0.609 Loaded shared library C:\Program Files\Java\jdk-21\bin\zip.dll
Event: 0.616 Loaded shared library C:\Program Files\Java\jdk-21\bin\instrument.dll
Event: 0.628 Loaded shared library C:\Program Files\Java\jdk-21\bin\net.dll
Event: 0.632 Loaded shared library C:\Program Files\Java\jdk-21\bin\nio.dll
Event: 0.639 Loaded shared library C:\Program Files\Java\jdk-21\bin\zip.dll
Event: 1.573 Loaded shared library C:\Program Files\JetBrains\IntelliJ IDEA Community Edition 2024.3.3\bin\breakgen64.dll
Event: 1.597 Loaded shared library C:\Program Files\Java\jdk-21\bin\extnet.dll
Event: 1.685 Loaded shared library C:\Program Files\Java\jdk-21\bin\jimage.dll
Event: 2.667 Loaded shared library C:\Program Files\Java\jdk-21\bin\management.dll
Event: 2.672 Loaded shared library C:\Program Files\Java\jdk-21\bin\management_ext.dll
Event: 6.239 Loaded shared library C:\Program Files\Java\jdk-21\bin\sunmscapi.dll
Event: 15.995 Loaded shared library C:\Program Files\Java\jdk-21\bin\verify.dll

Deoptimization events (20 events):
Event: 32.510 Thread 0x0000020626238720 Uncommon trap: trap_request=0xffffffde fr.pc=0x00000205d37f04f4 relative=0x0000000000000c94
Event: 32.510 Thread 0x0000020626238720 Uncommon trap: reason=class_check action=maybe_recompile pc=0x00000205d37f04f4 method=org.springframework.core.annotation.AnnotationUtils.invokeAnnotationMethod(Ljava/lang/reflect/Method;Ljava/lang/Object;)Ljava/lang/Object; @ 25 c2
Event: 32.510 Thread 0x0000020626238720 DEOPT PACKING pc=0x00000205d37f04f4 sp=0x0000005e253f9c20
Event: 32.510 Thread 0x0000020626238720 DEOPT UNPACKING pc=0x00000205d2df46a2 sp=0x0000005e253f9bd0 mode 2
Event: 32.510 Thread 0x0000020626238720 Uncommon trap: trap_request=0xffffffde fr.pc=0x00000205d37f04f4 relative=0x0000000000000c94
Event: 32.510 Thread 0x0000020626238720 Uncommon trap: reason=class_check action=maybe_recompile pc=0x00000205d37f04f4 method=org.springframework.core.annotation.AnnotationUtils.invokeAnnotationMethod(Ljava/lang/reflect/Method;Ljava/lang/Object;)Ljava/lang/Object; @ 25 c2
Event: 32.510 Thread 0x0000020626238720 DEOPT PACKING pc=0x00000205d37f04f4 sp=0x0000005e253f9c20
Event: 32.510 Thread 0x0000020626238720 DEOPT UNPACKING pc=0x00000205d2df46a2 sp=0x0000005e253f9bd0 mode 2
Event: 32.517 Thread 0x0000020626238720 Uncommon trap: trap_request=0xffffffc6 fr.pc=0x00000205d35d3418 relative=0x0000000000000df8
Event: 32.517 Thread 0x0000020626238720 Uncommon trap: reason=bimorphic_or_optimized_type_check action=maybe_recompile pc=0x00000205d35d3418 method=org.springframework.core.annotation.AnnotationsScanner.processClassHierarchy(Ljava/lang/Object;[ILjava/lang/Class;Lorg/springframework/core/annotat
Event: 32.517 Thread 0x0000020626238720 DEOPT PACKING pc=0x00000205d35d3418 sp=0x0000005e253f9f70
Event: 32.517 Thread 0x0000020626238720 DEOPT UNPACKING pc=0x00000205d2df46a2 sp=0x0000005e253f9f78 mode 2
Event: 32.524 Thread 0x0000020626238720 Uncommon trap: trap_request=0xffffffc6 fr.pc=0x00000205d35d3418 relative=0x0000000000000df8
Event: 32.524 Thread 0x0000020626238720 Uncommon trap: reason=bimorphic_or_optimized_type_check action=maybe_recompile pc=0x00000205d35d3418 method=org.springframework.core.annotation.AnnotationsScanner.processClassHierarchy(Ljava/lang/Object;[ILjava/lang/Class;Lorg/springframework/core/annotat
Event: 32.524 Thread 0x0000020626238720 DEOPT PACKING pc=0x00000205d35d3418 sp=0x0000005e253f9f70
Event: 32.524 Thread 0x0000020626238720 DEOPT UNPACKING pc=0x00000205d2df46a2 sp=0x0000005e253f9f78 mode 2
Event: 32.525 Thread 0x0000020626238720 Uncommon trap: trap_request=0xffffffc6 fr.pc=0x00000205d35d3418 relative=0x0000000000000df8
Event: 32.525 Thread 0x0000020626238720 Uncommon trap: reason=bimorphic_or_optimized_type_check action=maybe_recompile pc=0x00000205d35d3418 method=org.springframework.core.annotation.AnnotationsScanner.processClassHierarchy(Ljava/lang/Object;[ILjava/lang/Class;Lorg/springframework/core/annotat
Event: 32.525 Thread 0x0000020626238720 DEOPT PACKING pc=0x00000205d35d3418 sp=0x0000005e253f9f70
Event: 32.525 Thread 0x0000020626238720 DEOPT UNPACKING pc=0x00000205d2df46a2 sp=0x0000005e253f9f78 mode 2

Classes loaded (20 events):
Event: 30.309 Loading class jdk/internal/reflect/ClassFileAssembler
Event: 30.311 Loading class jdk/internal/reflect/ClassFileAssembler done
Event: 30.311 Loading class jdk/internal/reflect/UTF8
Event: 30.312 Loading class jdk/internal/reflect/UTF8 done
Event: 30.420 Loading class jdk/internal/reflect/Label
Event: 30.420 Loading class jdk/internal/reflect/Label done
Event: 30.420 Loading class jdk/internal/reflect/Label$PatchInfo
Event: 30.421 Loading class jdk/internal/reflect/Label$PatchInfo done
Event: 30.421 Loading class jdk/internal/reflect/MethodAccessorGenerator$1
Event: 30.421 Loading class jdk/internal/reflect/MethodAccessorGenerator$1 done
Event: 30.421 Loading class jdk/internal/reflect/ClassDefiner
Event: 30.421 Loading class jdk/internal/reflect/ClassDefiner done
Event: 30.421 Loading class jdk/internal/reflect/ClassDefiner$1
Event: 30.421 Loading class jdk/internal/reflect/ClassDefiner$1 done
Event: 30.424 Loading class jdk/internal/reflect/SerializationConstructorAccessorImpl
Event: 30.424 Loading class jdk/internal/reflect/SerializationConstructorAccessorImpl done
Event: 31.231 Loading class java/util/WeakHashMap$KeyIterator
Event: 31.231 Loading class java/util/WeakHashMap$KeyIterator done
Event: 32.450 Loading class java/util/Comparators$NullComparator
Event: 32.450 Loading class java/util/Comparators$NullComparator done

Classes unloaded (0 events):
No events

Classes redefined (0 events):
No events

Internal exceptions (20 events):
Event: 22.736 Thread 0x0000020626238720 Exception <a 'java/lang/NoSuchMethodError'{0x000000008f8afc50}: 'java.lang.Object java.lang.invoke.DirectMethodHandle$Holder.invokeStaticInit(java.lang.Object, java.lang.Object, int)'> (0x000000008f8afc50) 
thrown [s\open\src\hotspot\share\interpreter\linkResolver.cpp, line 773]
Event: 23.352 Thread 0x0000020626238720 Exception <a 'java/lang/NoSuchMethodError'{0x000000008f6aa8e0}: 'void java.lang.invoke.DirectMethodHandle$Holder.invokeStaticInit(java.lang.Object, java.lang.Object, java.lang.Object, java.lang.Object)'> (0x000000008f6aa8e0) 
thrown [s\open\src\hotspot\share\interpreter\linkResolver.cpp, line 773]
Event: 23.726 Thread 0x0000020626238720 Implicit null exception at 0x00000205d3676677 to 0x00000205d36768e0
Event: 23.844 Thread 0x0000020626238720 Implicit null exception at 0x00000205d34d432c to 0x00000205d34d5d88
Event: 23.871 Thread 0x0000020626238720 Exception <a 'java/lang/IncompatibleClassChangeError'{0x000000008ef70310}: Found class java.lang.Object, but interface was expected> (0x000000008ef70310) 
thrown [s\open\src\hotspot\share\interpreter\linkResolver.cpp, line 840]
Event: 24.909 Thread 0x0000020626238720 Exception <a 'java/lang/IncompatibleClassChangeError'{0x000000008ed1db50}: Found class java.lang.Object, but interface was expected> (0x000000008ed1db50) 
thrown [s\open\src\hotspot\share\interpreter\linkResolver.cpp, line 840]
Event: 25.549 Thread 0x0000020626238720 Exception <a 'java/lang/IncompatibleClassChangeError'{0x000000008eaa42d0}: Found class java.lang.Object, but interface was expected> (0x000000008eaa42d0) 
thrown [s\open\src\hotspot\share\interpreter\linkResolver.cpp, line 840]
Event: 26.042 Thread 0x0000020626238720 Exception <a 'java/lang/IncompatibleClassChangeError'{0x000000008e596680}: Found class java.lang.Object, but interface was expected> (0x000000008e596680) 
thrown [s\open\src\hotspot\share\interpreter\linkResolver.cpp, line 840]
Event: 26.042 Thread 0x0000020626238720 Exception <a 'java/lang/IncompatibleClassChangeError'{0x000000008e59bc08}: Found class java.lang.Object, but interface was expected> (0x000000008e59bc08) 
thrown [s\open\src\hotspot\share\interpreter\linkResolver.cpp, line 840]
Event: 26.560 Thread 0x0000020626238720 Exception <a 'java/lang/NoSuchMethodError'{0x000000008e009a20}: 'java.lang.Object java.lang.invoke.Invokers$Holder.invoker(java.lang.Object, java.lang.Object, java.lang.Object, java.lang.Object, java.lang.Object, java.lang.Object, java.lang.Object, java.lang.Object, java.lang.Object, java.lang.Object, java.lang.Object, java.lang.Object, java.lang.Object, java.lang.Object)'> (0x000000008e009a20) 
thrown [s\open\src\hotspot\share\interpreter\linkResolver.cpp, line 773]
Event: 26.560 Thread 0x0000020626238720 Exception <a 'java/lang/NoSuchMethodError'{0x000000008e013810}: 'java.lang.Object java.lang.invoke.DelegatingMethodHandle$Holder.delegate(java.lang.Object, java.lang.Object, java.lang.Object, java.lang.Object, java.lang.Object, java.lang.Object, java.lang.Object, java.lang.Object, java.lang.Object, java.lang.Object, java.lang.Object, java.lang.Object, java.lang.Object, java.lang.Object)'> (0x000000008e013810) 
thrown [s\open\src\hotspot\share\interpreter\linkResolver.cpp, line 773]
Event: 26.567 Thread 0x0000020626238720 Exception <a 'java/lang/LinkageError'{0x000000008e03dae0}: loader org.springframework.boot.devtools.restart.classloader.RestartClassLoader @372cbf8e attempted duplicate class definition for com.iCare.User_Service.interceptor.GlobalProfileFeignInterceptor$$SpringCGLIB$$0. (com.iCare.User_Service.interceptor.GlobalProfileFeignInterceptor$$SpringCGLIB$$0 is in unnamed module of loader org.springframework.boot.devtools.restart.classloader.RestartClassLoader @372cbf8e, parent loader 'app')> (0x000000008e03dae0)
Event: 26.678 Thread 0x0000020626238720 Exception <a 'java/lang/NoSuchMethodError'{0x000000008e086838}: 'void java.lang.invoke.Invokers$Holder.invokeExact_MT(java.lang.Object, java.lang.Object, java.lang.Object)'> (0x000000008e086838) 
thrown [s\open\src\hotspot\share\interpreter\linkResolver.cpp, line 773]
Event: 27.357 Thread 0x0000020626238720 Exception <a 'java/lang/NoSuchMethodError'{0x000000008de4ae00}: 'java.lang.Object java.lang.invoke.DirectMethodHandle$Holder.newInvokeSpecial(java.lang.Object, java.lang.Object, int, java.lang.Object, java.lang.Object)'> (0x000000008de4ae00) 
thrown [s\open\src\hotspot\share\interpreter\linkResolver.cpp, line 773]
Event: 27.677 Thread 0x0000020626238720 Exception <a 'java/lang/NoSuchMethodError'{0x000000008da3a3f8}: 'java.lang.Object java.lang.invoke.DirectMethodHandle$Holder.newInvokeSpecial(java.lang.Object, java.lang.Object, java.lang.Object, java.lang.Object, java.lang.Object, java.lang.Object, java.lang.Object, java.lang.Object)'> (0x000000008da3a3f8) 
thrown [s\open\src\hotspot\share\interpreter\linkResolver.cpp, line 773]
Event: 29.135 Thread 0x0000020626238720 Exception <a 'java/net/BindException'{0x0000000090772840}: Address already in use: bind> (0x0000000090772840) 
thrown [s\open\src\hotspot\share\prims\jni.cpp, line 539]
Event: 29.177 Thread 0x0000020626238720 Exception <a 'java/lang/NoSuchMethodError'{0x00000000907c2fd8}: 'void java.lang.invoke.DirectMethodHandle$Holder.invokeStatic(java.lang.Object, java.lang.Object, java.lang.Object, int)'> (0x00000000907c2fd8) 
thrown [s\open\src\hotspot\share\interpreter\linkResolver.cpp, line 773]
Event: 29.445 Thread 0x0000020626238720 Exception <a 'java/lang/IncompatibleClassChangeError'{0x00000000906657a0}: Found class java.lang.Object, but interface was expected> (0x00000000906657a0) 
thrown [s\open\src\hotspot\share\interpreter\linkResolver.cpp, line 840]
Event: 30.120 Thread 0x0000020626238720 Exception <a 'java/lang/NoSuchMethodError'{0x000000009056b4c8}: 'int java.lang.invoke.DirectMethodHandle$Holder.invokeStaticInit(java.lang.Object, int, java.lang.Object, java.lang.Object, java.lang.Object, java.lang.Object)'> (0x000000009056b4c8) 
thrown [s\open\src\hotspot\share\interpreter\linkResolver.cpp, line 773]
Event: 31.148 Thread 0x0000020626238720 Implicit null exception at 0x00000205d37c1d9d to 0x00000205d37c4c4b

ZGC Phase Switch (0 events):
No events

VM Operations (20 events):
Event: 26.616 Executing VM operation: Cleanup
Event: 27.344 Executing VM operation: Cleanup done
Event: 27.344 Executing VM operation: HandshakeAllThreads (Deoptimize)
Event: 27.350 Executing VM operation: HandshakeAllThreads (Deoptimize) done
Event: 27.927 Executing VM operation: G1CollectForAllocation (G1 Evacuation Pause)
Event: 27.934 Executing VM operation: G1CollectForAllocation (G1 Evacuation Pause) done
Event: 28.934 Executing VM operation: Cleanup
Event: 29.031 Executing VM operation: Cleanup done
Event: 30.044 Executing VM operation: Cleanup
Event: 30.108 Executing VM operation: Cleanup done
Event: 30.116 Executing VM operation: HandshakeAllThreads (Deoptimize)
Event: 30.116 Executing VM operation: HandshakeAllThreads (Deoptimize) done
Event: 31.133 Executing VM operation: Cleanup
Event: 31.146 Executing VM operation: Cleanup done
Event: 32.154 Executing VM operation: Cleanup
Event: 32.186 Executing VM operation: Cleanup done
Event: 32.475 Executing VM operation: HandshakeAllThreads (Deoptimize)
Event: 32.475 Executing VM operation: HandshakeAllThreads (Deoptimize) done
Event: 32.481 Executing VM operation: HandshakeAllThreads (Deoptimize)
Event: 32.481 Executing VM operation: HandshakeAllThreads (Deoptimize) done

Events (20 events):
Event: 18.877 Thread 0x00000205dfeef190 flushing nmethod 0x00000205cbbb8990
Event: 18.877 Thread 0x00000205dfeef190 flushing nmethod 0x00000205cbbc9c90
Event: 18.877 Thread 0x00000205dfeef190 flushing nmethod 0x00000205cbbf9590
Event: 18.877 Thread 0x00000205dfeef190 flushing nmethod 0x00000205cbc78d10
Event: 18.877 Thread 0x00000205dfeef190 flushing nmethod 0x00000205cbc93290
Event: 18.877 Thread 0x00000205dfeef190 flushing nmethod 0x00000205cbe72710
Event: 18.877 Thread 0x00000205dfeef190 flushing nmethod 0x00000205cbeb1110
Event: 18.877 Thread 0x00000205dfeef190 flushing nmethod 0x00000205cbeb4590
Event: 18.877 Thread 0x00000205dfeef190 flushing nmethod 0x00000205cbeb5e90
Event: 18.877 Thread 0x00000205dfeef190 flushing nmethod 0x00000205cbfd0290
Event: 18.877 Thread 0x00000205dfeef190 flushing nmethod 0x00000205cc178010
Event: 19.122 Thread 0x0000020625a3e6a0 Thread exited: 0x0000020625a3e6a0
Event: 19.155 Thread 0x0000020625a3d230 Thread exited: 0x0000020625a3d230
Event: 19.761 Thread 0x0000020625a3d230 Thread added: 0x0000020625a3d230
Event: 19.914 Thread 0x0000020625a3d230 Thread exited: 0x0000020625a3d230
Event: 21.054 Thread 0x0000020625a3dfd0 Thread added: 0x0000020625a3dfd0
Event: 21.092 Thread 0x0000020625a3e6a0 Thread added: 0x0000020625a3e6a0
Event: 22.987 Thread 0x0000020625a3e6a0 Thread exited: 0x0000020625a3e6a0
Event: 23.346 Thread 0x0000020625a3dfd0 Thread exited: 0x0000020625a3dfd0
Event: 23.481 Thread 0x00000206292f3810 Thread exited: 0x00000206292f3810


Dynamic libraries:
0x00007ff761fb0000 - 0x00007ff761fc0000 	C:\Program Files\Java\jdk-21\bin\java.exe
0x00007ffe53320000 - 0x00007ffe53587000 	C:\WINDOWS\SYSTEM32\ntdll.dll
0x00007ffe52750000 - 0x00007ffe52819000 	C:\WINDOWS\System32\KERNEL32.DLL
0x00007ffe508c0000 - 0x00007ffe50caf000 	C:\WINDOWS\System32\KERNELBASE.dll
0x00007ffe0fd10000 - 0x00007ffe0fd29000 	C:\Program Files\Java\jdk-21\bin\jli.dll
0x00007ffe50600000 - 0x00007ffe5074b000 	C:\WINDOWS\System32\ucrtbase.dll
0x00007ffe51550000 - 0x00007ffe51604000 	C:\WINDOWS\System32\ADVAPI32.dll
0x00007ffe52db0000 - 0x00007ffe52e59000 	C:\WINDOWS\System32\msvcrt.dll
0x00007ffe0fcb0000 - 0x00007ffe0fccb000 	C:\Program Files\Java\jdk-21\bin\VCRUNTIME140.dll
0x00007ffe52b00000 - 0x00007ffe52ba6000 	C:\WINDOWS\System32\sechost.dll
0x00007ffe52840000 - 0x00007ffe52958000 	C:\WINDOWS\System32\RPCRT4.dll
0x00007ffe52ea0000 - 0x00007ffe53065000 	C:\WINDOWS\System32\USER32.dll
0x00007ffe34200000 - 0x00007ffe34493000 	C:\WINDOWS\WinSxS\amd64_microsoft.windows.common-controls_6595b64144ccf1df_6.0.26100.7309_none_3e05feeae336a044\COMCTL32.dll
0x00007ffe53070000 - 0x00007ffe5309b000 	C:\WINDOWS\System32\GDI32.dll
0x00007ffe50470000 - 0x00007ffe50497000 	C:\WINDOWS\System32\win32u.dll
0x00007ffe50ed0000 - 0x00007ffe50ffc000 	C:\WINDOWS\System32\gdi32full.dll
0x00007ffe504a0000 - 0x00007ffe50543000 	C:\WINDOWS\System32\msvcp_win.dll
0x00007ffe48440000 - 0x00007ffe4844b000 	C:\WINDOWS\SYSTEM32\VERSION.dll
0x00007ffe52e60000 - 0x00007ffe52e91000 	C:\WINDOWS\System32\IMM32.DLL
0x00007ffe1b650000 - 0x00007ffe1b65c000 	C:\Program Files\Java\jdk-21\bin\vcruntime140_1.dll
0x00007ffdbd440000 - 0x00007ffdbd4ce000 	C:\Program Files\Java\jdk-21\bin\msvcp140.dll
0x00007ffd4ff10000 - 0x00007ffd50c28000 	C:\Program Files\Java\jdk-21\bin\server\jvm.dll
0x00007ffe51ac0000 - 0x00007ffe51b34000 	C:\WINDOWS\System32\WS2_32.dll
0x00007ffe502f0000 - 0x00007ffe5034e000 	C:\WINDOWS\SYSTEM32\POWRPROF.dll
0x00007ffe47700000 - 0x00007ffe47735000 	C:\WINDOWS\SYSTEM32\WINMM.dll
0x00007ffe502d0000 - 0x00007ffe502e4000 	C:\WINDOWS\SYSTEM32\UMPDC.dll
0x00007ffe4f200000 - 0x00007ffe4f21b000 	C:\WINDOWS\SYSTEM32\kernel.appcore.dll
0x00007ffe11180000 - 0x00007ffe1118a000 	C:\Program Files\Java\jdk-21\bin\jimage.dll
0x00007ffe43f50000 - 0x00007ffe44192000 	C:\WINDOWS\SYSTEM32\DBGHELP.DLL
0x00007ffe51730000 - 0x00007ffe51ab5000 	C:\WINDOWS\System32\combase.dll
0x00007ffe52460000 - 0x00007ffe52536000 	C:\WINDOWS\System32\OLEAUT32.dll
0x00007ffe2e910000 - 0x00007ffe2e94c000 	C:\WINDOWS\SYSTEM32\dbgcore.DLL
0x00007ffe50550000 - 0x00007ffe505f5000 	C:\WINDOWS\System32\bcryptPrimitives.dll
0x00007ffe08db0000 - 0x00007ffe08dbf000 	C:\Program Files\Java\jdk-21\bin\instrument.dll
0x00007ffe0faa0000 - 0x00007ffe0fabf000 	C:\Program Files\Java\jdk-21\bin\java.dll
0x00007ffe51d00000 - 0x00007ffe52453000 	C:\WINDOWS\System32\SHELL32.dll
0x00007ffe50750000 - 0x00007ffe508ba000 	C:\WINDOWS\System32\wintypes.dll
0x00007ffe4e050000 - 0x00007ffe4e8ae000 	C:\WINDOWS\SYSTEM32\windows.storage.dll
0x00007ffe525c0000 - 0x00007ffe526b5000 	C:\WINDOWS\System32\SHCORE.dll
0x00007ffe52540000 - 0x00007ffe525a6000 	C:\WINDOWS\System32\shlwapi.dll
0x00007ffe50390000 - 0x00007ffe503b9000 	C:\WINDOWS\SYSTEM32\profapi.dll
0x00007ffdb1680000 - 0x00007ffdb1757000 	C:\Program Files\Java\jdk-21\bin\jsvml.dll
0x00007ffe0c4b0000 - 0x00007ffe0c4c8000 	C:\Program Files\Java\jdk-21\bin\zip.dll
0x00007ffe10080000 - 0x00007ffe10090000 	C:\Program Files\Java\jdk-21\bin\net.dll
0x00007ffe47bf0000 - 0x00007ffe47d18000 	C:\WINDOWS\SYSTEM32\WINHTTP.dll
0x00007ffe4f790000 - 0x00007ffe4f7fb000 	C:\WINDOWS\system32\mswsock.dll
0x00007ffe0db30000 - 0x00007ffe0db46000 	C:\Program Files\Java\jdk-21\bin\nio.dll
0x00007ffe08760000 - 0x00007ffe0877a000 	C:\Program Files\JetBrains\IntelliJ IDEA Community Edition 2024.3.3\bin\breakgen64.dll
0x00007ffe0c540000 - 0x00007ffe0c549000 	C:\Program Files\Java\jdk-21\bin\extnet.dll
0x00007ffe0c0c0000 - 0x00007ffe0c0ca000 	C:\Program Files\Java\jdk-21\bin\management.dll
0x00007ffe0c0b0000 - 0x00007ffe0c0bb000 	C:\Program Files\Java\jdk-21\bin\management_ext.dll
0x00007ffe51660000 - 0x00007ffe51668000 	C:\WINDOWS\System32\PSAPI.DLL
0x00007ffe4ec90000 - 0x00007ffe4ecc4000 	C:\WINDOWS\SYSTEM32\IPHLPAPI.DLL
0x00007ffe525b0000 - 0x00007ffe525ba000 	C:\WINDOWS\System32\NSI.dll
0x00007ffe4ecd0000 - 0x00007ffe4edfc000 	C:\WINDOWS\SYSTEM32\DNSAPI.dll
0x00007ffe44e20000 - 0x00007ffe44e2b000 	C:\Windows\System32\rasadhlp.dll
0x00007ffe44d90000 - 0x00007ffe44e16000 	C:\WINDOWS\System32\fwpuclnt.dll
0x00007ffe0fcf0000 - 0x00007ffe0fcfe000 	C:\Program Files\Java\jdk-21\bin\sunmscapi.dll
0x00007ffe50cc0000 - 0x00007ffe50e37000 	C:\WINDOWS\System32\CRYPT32.dll
0x00007ffe4fc70000 - 0x00007ffe4fca0000 	C:\WINDOWS\SYSTEM32\ncrypt.dll
0x00007ffe4fc20000 - 0x00007ffe4fc5f000 	C:\WINDOWS\SYSTEM32\NTASN1.dll
0x00007ffe4fa60000 - 0x00007ffe4fa7b000 	C:\WINDOWS\SYSTEM32\CRYPTSP.dll
0x00007ffe4f160000 - 0x00007ffe4f19a000 	C:\WINDOWS\system32\rsaenh.dll
0x00007ffe4f840000 - 0x00007ffe4f86b000 	C:\WINDOWS\SYSTEM32\USERENV.dll
0x00007ffe50360000 - 0x00007ffe5038a000 	C:\WINDOWS\SYSTEM32\bcrypt.dll
0x00007ffe4fa50000 - 0x00007ffe4fa5c000 	C:\WINDOWS\SYSTEM32\CRYPTBASE.dll
0x00007ffe08700000 - 0x00007ffe08710000 	C:\Program Files\Java\jdk-21\bin\verify.dll

dbghelp: loaded successfully - version: 4.0.5 - missing functions: none
symbol engine: initialized successfully - sym options: 0x614 - pdb path: .;C:\Program Files\Java\jdk-21\bin;C:\WINDOWS\SYSTEM32;C:\WINDOWS\WinSxS\amd64_microsoft.windows.common-controls_6595b64144ccf1df_6.0.26100.7309_none_3e05feeae336a044;C:\Program Files\Java\jdk-21\bin\server;C:\Program Files\JetBrains\IntelliJ IDEA Community Edition 2024.3.3\bin

VM Arguments:
jvm_args: -javaagent:C:\Program Files\JetBrains\IntelliJ IDEA Community Edition 2024.3.3\lib\idea_rt.jar=56589:C:\Program Files\JetBrains\IntelliJ IDEA Community Edition 2024.3.3\bin -Dfile.encoding=UTF-8 -Dsun.stdout.encoding=UTF-8 -Dsun.stderr.encoding=UTF-8 
java_command: com.iCare.User_Service.UserServiceApplication
java_class_path (initial): C:\Users\91973\OneDrive\Documents\Desktop\ICare\User-Service-I-Care\target\classes;C:\Users\91973\.m2\repository\org\springframework\boot\spring-boot-starter-data-jpa\3.5.6\spring-boot-starter-data-jpa-3.5.6.jar;C:\Users\91973\.m2\repository\org\springframework\boot\spring-boot-starter\3.5.6\spring-boot-starter-3.5.6.jar;C:\Users\91973\.m2\repository\org\springframework\boot\spring-boot-starter-logging\3.5.6\spring-boot-starter-logging-3.5.6.jar;C:\Users\91973\.m2\repository\ch\qos\logback\logback-classic\1.5.18\logback-classic-1.5.18.jar;C:\Users\91973\.m2\repository\ch\qos\logback\logback-core\1.5.18\logback-core-1.5.18.jar;C:\Users\91973\.m2\repository\org\apache\logging\log4j\log4j-to-slf4j\2.24.3\log4j-to-slf4j-2.24.3.jar;C:\Users\91973\.m2\repository\org\apache\logging\log4j\log4j-api\2.24.3\log4j-api-2.24.3.jar;C:\Users\91973\.m2\repository\org\slf4j\jul-to-slf4j\2.0.17\jul-to-slf4j-2.0.17.jar;C:\Users\91973\.m2\repository\jakarta\annotation\jakarta.annotation-api\2.1.1\jakarta.annotation-api-2.1.1.jar;C:\Users\91973\.m2\repository\org\yaml\snakeyaml\2.4\snakeyaml-2.4.jar;C:\Users\91973\.m2\repository\org\springframework\boot\spring-boot-starter-jdbc\3.5.6\spring-boot-starter-jdbc-3.5.6.jar;C:\Users\91973\.m2\repository\com\zaxxer\HikariCP\6.3.3\HikariCP-6.3.3.jar;C:\Users\91973\.m2\repository\org\springframework\spring-jdbc\6.2.11\spring-jdbc-6.2.11.jar;C:\Users\91973\.m2\repository\org\hibernate\orm\hibernate-core\6.6.29.Final\hibernate-core-6.6.29.Final.jar;C:\Users\91973\.m2\repository\jakarta\persistence\jakarta.persistence-api\3.1.0\jakarta.persistence-api-3.1.0.jar;C:\Users\91973\.m2\repository\jakarta\transaction\jakarta.transaction-api\2.0.1\jakarta.transaction-api-2.0.1.jar;C:\Users\91973\.m2\repository\org\jboss\logging\jboss-logging\3.6.1.Final\jboss-logging-3.6.1.Final.jar;C:\Users\91973\.m2\repository\org\hibernate\common\hibernate-commons-annotations\7.0.3.Final\hibernate-commons-annotations-7.0.3.Final.jar;C:\Users\91973\.m2\repository\io\smallrye\jandex\3.2.0\jandex-3.2.0.jar;C:\Users\91973\.m2\repository\com\fasterxml\classmate\1.7.0\classmate-1.7.0.jar;C:\Users\91973\.m2\repository\net\bytebuddy\byte-buddy\1.17.7\byte-buddy-1.17.7.jar;C:\Users\91973\.m2\repository\org\glassfish\jaxb\jaxb-runtime\4.0.5\jaxb-runtime-4.0.5.jar;C:\Users\91973\.m2\repository\org\glassfish\jaxb\jaxb-core\4.0.5\jaxb-core-4.0.5.jar;C:\Users\91973\.m2\repository\org\eclipse\angus\angus-activation\2.0.2\angus-activation-2.0.2.jar;C:\Users\91973\.m2\repository\org\glassfish\jaxb\txw2\4.0.5\txw2-4.0.5.jar;C:\Users\91973\.m2\repository\com\sun\istack\istack-commons-runtime\4.1.2\istack-commons-runtime-4.1.2.jar;C:\Users\91973\.m2\repository\jakarta\inject\jakarta.inject-api\2.0.1\jakarta.inject-api-2.0.1.jar;C:\Users\91973\.m2\repository\org\antlr\antlr4-runtime\4.13.0\antlr4-runtime-4.13.0.jar;C:\Users\91973\.m2\repository\org\springframework\data\spring-data-jpa\3.5.4\spring-data-jpa-3.5.4.jar;C:\Users\91973\.m2\repository\org\springframework\data\spring-data-commons\3.5.4\spring-data-commons-3.5.4.jar;C:\Users\91973\.m2\repository\org\springframework\spring-orm\6.2.11\spring-orm-6.2.11.jar;C:\Users\91973\.m2\repository\org\springframework\spring-tx\6.2.11\spring-tx-6.2.11.jar;C:\Users\91973\.m2\repository\org\slf4j\slf4j-api\2.0.17\slf4j-api-2.0.17.jar;C:\Users\91973\.m2\repository\org\springframework\spring-aspects\6.2.11\spring-aspects-6.2.11.jar;C:\Users\91973\.m2\repository\org\aspectj\aspectjweaver\1.9.24\aspectjweaver-1.9.24.jar;C:\Users\91973\.m2\repository\org\springframework\boot\spring-boot-starter-security\3.5.6\spring-boot-starter-security-3.5.6.jar;C:\Users\91973\.m2\repository\org\springframework\spring-aop\6.2.11\spring-aop-6.2.11.jar;C:\Users\91973\.m2\repository\org\springframework\security\spring-security-config\6.5.5\spring-security-config-6.5.5.jar;C:\Users\91973\.m2\repository\org\springframework\security\spring-security-web\6.5.5\spring-security-web-6.5.5.jar;C:\Users\91973\.m2\repository\org\springframework\boot\spring-boot-starter-validation\3.5.6\spring-boot-starter-validation-3.5.6.jar;C:\Users\91973\.m2\repository\org\apache\tomcat\embed\tomcat-embed-el\10.1.46\tomcat-embed-el-10.1.46.jar;C:\Users\91973\.m2\repository\org\hibernate\validator\hibernate-validator\8.0.3.Final\hibernate-validator-8.0.3.Final.jar;C:\Users\91973\.m2\repository\jakarta\validation\jakarta.validation-api\3.0.2\jakarta.validation-api-3.0.2.jar;C:\Users\91973\.m2\repository\org\springframework\boot\spring-boot-starter-web\3.5.6\spring-boot-starter-web-3.5.6.jar;C:\Users\91973\.m2\repository\org\springframework\boot\spring-boot-starter-json\3.5.6\spring-boot-starter-json-3.5.6.jar;C:\Users\91973\.m2\repository\com\fasterxml\jackson\datatype\jackson-datatype-jdk8\2.19.2\jackson-datatype-jdk8-2.19.2.jar;C:\Users\91973\.m2\repository\com\fasterxml\jackson\datatype\jackson-datatype-jsr310\2.19.2\jackson-datatype-jsr310-2.19.2.jar;C:\Users\91973\.m2\repository\com\fasterxml\jackson\module\jackson-module-parameter-names\2.19.2\jackson-module-parameter-names-2.19.2.jar;C:\Users\91973\.m2\repository\org\springframework\boot\spring-boot-starter-tomcat\3.5.6\spring-boot-starter-tomcat-3.5.6.jar;C:\Users\91973\.m2\repository\org\apache\tomcat\embed\tomcat-embed-core\10.1.46\tomcat-embed-core-10.1.46.jar;C:\Users\91973\.m2\repository\org\apache\tomcat\embed\tomcat-embed-websocket\10.1.46\tomcat-embed-websocket-10.1.46.jar;C:\Users\91973\.m2\repository\org\springframework\spring-web\6.2.11\spring-web-6.2.11.jar;C:\Users\91973\.m2\repository\io\micrometer\micrometer-observation\1.15.4\micrometer-observation-1.15.4.jar;C:\Users\91973\.m2\repository\io\micrometer\micrometer-commons\1.15.4\micrometer-commons-1.15.4.jar;C:\Users\91973\.m2\repository\org\springframework\boot\spring-boot-devtools\3.5.6\spring-boot-devtools-3.5.6.jar;C:\Users\91973\.m2\repository\org\springframework\boot\spring-boot\3.5.6\spring-boot-3.5.6.jar;C:\Users\91973\.m2\repository\org\springframework\boot\spring-boot-autoconfigure\3.5.6\spring-boot-autoconfigure-3.5.6.jar;C:\Users\91973\.m2\repository\com\mysql\mysql-connector-j\9.4.0\mysql-connector-j-9.4.0.jar;C:\Users\91973\.m2\repository\jakarta\xml\bind\jakarta.xml.bind-api\4.0.2\jakarta.xml.bind-api-4.0.2.jar;C:\Users\91973\.m2\repository\jakarta\activation\jakarta.activation-api\2.1.4\jakarta.activation-api-2.1.4.jar;C:\Users\91973\.m2\repository\net\minidev\json-smart\2.5.2\json-smart-2.5.2.jar;C:\Users\91973\.m2\repository\net\minidev\accessors-smart\2.5.2\accessors-smart-2.5.2.jar;C:\Users\91973\.m2\repository\org\ow2\asm\asm\9.7.1\asm-9.7.1.jar;C:\Users\91973\.m2\repository\org\springframework\spring-core\6.2.11\spring-core-6.2.11.jar;C:\Users\91973\.m2\repository\org\springframework\spring-jcl\6.2.11\spring-jcl-6.2.11.jar;C:\Users\91973\.m2\repository\org\springframework\security\spring-security-core\6.5.5\spring-security-core-6.5.5.jar;C:\Users\91973\.m2\repository\org\springframework\security\spring-security-crypto\6.5.5\spring-security-crypto-6.5.5.jar;C:\Users\91973\.m2\repository\io\jsonwebtoken\jjwt-api\0.12.6\jjwt-api-0.12.6.jar;C:\Users\91973\.m2\repository\io\jsonwebtoken\jjwt-impl\0.12.6\jjwt-impl-0.12.6.jar;C:\Users\91973\.m2\repository\io\jsonwebtoken\jjwt-jackson\0.12.6\jjwt-jackson-0.12.6.jar;C:\Users\91973\.m2\repository\com\fasterxml\jackson\core\jackson-databind\2.19.2\jackson-databind-2.19.2.jar;C:\Users\91973\.m2\repository\com\fasterxml\jackson\core\jackson-annotations\2.19.2\jackson-annotations-2.19.2.jar;C:\Users\91973\.m2\repository\com\fasterxml\jackson\core\jackson-core\2.19.2\jackson-core-2.19.2.jar;C:\Users\91973\.m2\repository\org\springdoc\springdoc-openapi-starter-webmvc-ui\2.8.8\springdoc-openapi-starter-webmvc-ui-2.8.8.jar;C:\Users\91973\.m2\repository\org\springdoc\springdoc-openapi-starter-webmvc-api\2.8.8\springdoc-openapi-starter-webmvc-api-2.8.8.jar;C:\Users\91973\.m2\repository\org\springdoc\springdoc-openapi-starter-common\2.8.8\springdoc-openapi-starter-common-2.8.8.jar;C:\Users\91973\.m2\repository\io\swagger\core\v3\swagger-core-jakarta\2.2.30\swagger-core-jakarta-2.2.30.jar;C:\Users\91973\.m2\repository\org\apache\commons\commons-lang3\3.17.0\commons-lang3-3.17.0.jar;C:\Users\91973\.m2\repository\io\swagger\core\v3\swagger-annotations-jakarta\2.2.30\swagger-annotations-jakarta-2.2.30.jar;C:\Users\91973\.m2\repository\io\swagger\core\v3\swagger-models-jakarta\2.2.30\swagger-models-jakarta-2.2.30.jar;C:\Users\91973\.m2\repository\com\fasterxml\jackson\dataformat\jackson-dataformat-yaml\2.19.2\jackson-dataformat-yaml-2.19.2.jar;C:\Users\91973\.m2\repository\org\webjars\swagger-ui\5.21.0\swagger-ui-5.21.0.jar;C:\Users\91973\.m2\repository\org\webjars\webjars-locator-lite\1.1.0\webjars-locator-lite-1.1.0.jar;C:\Users\91973\.m2\repository\org\jspecify\jspecify\1.0.0\jspecify-1.0.0.jar;C:\Users\91973\.m2\repository\org\springframework\boot\spring-boot-starter-webflux\3.5.6\spring-boot-starter-webflux-3.5.6.jar;C:\Users\91973\.m2\repository\org\springframework\boot\spring-boot-starter-reactor-netty\3.5.6\spring-boot-starter-reactor-netty-3.5.6.jar;C:\Users\91973\.m2\repository\io\projectreactor\netty\reactor-netty-http\1.2.10\reactor-netty-http-1.2.10.jar;C:\Users\91973\.m2\repository\io\netty\netty-codec-http\4.1.127.Final\netty-codec-http-4.1.127.Final.jar;C:\Users\91973\.m2\repository\io\netty\netty-common\4.1.127.Final\netty-common-4.1.127.Final.jar;C:\Users\91973\.m2\repository\io\netty\netty-buffer\4.1.127.Final\netty-buffer-4.1.127.Final.jar;C:\Users\91973\.m2\repository\io\netty\netty-transport\4.1.127.Final\netty-transport-4.1.127.Final.jar;C:\Users\91973\.m2\repository\io\netty\netty-codec\4.1.127.Final\netty-codec-4.1.127.Final.jar;C:\Users\91973\.m2\repository\io\netty\netty-handler\4.1.127.Final\netty-handler-4.1.127.Final.jar;C:\Users\91973\.m2\repository\io\netty\netty-codec-http2\4.1.127.Final\netty-codec-http2-4.1.127.Final.jar;C:\Users\91973\.m2\repository\io\netty\netty-resolver-dns\4.1.127.Final\netty-resolver-dns-4.1.127.Final.jar;C:\Users\91973\.m2\repository\io\netty\netty-resolver\4.1.127.Final\netty-resolver-4.1.127.Final.jar;C:\Users\91973\.m2\repository\io\netty\netty-codec-dns\4.1.127.Final\netty-codec-dns-4.1.127.Final.jar;C:\Users\91973\.m2\repository\io\netty\netty-resolver-dns-native-macos\4.1.127.Final\netty-resolver-dns-native-macos-4.1.127.Final-osx-x86_64.jar;C:\Users\91973\.m2\repository\io\netty\netty-resolver-dns-classes-macos\4.1.127.Final\netty-resolver-dns-classes-macos-4.1.127.Final.jar;C:\Users\91973\.m2\repository\io\netty\netty-transport-native-epoll\4.1.127.Final\netty-transport-native-epoll-4.1.127.Final-linux-x86_64.jar;C:\Users\91973\.m2\repository\io\netty\netty-transport-native-unix-common\4.1.127.Final\netty-transport-native-unix-common-4.1.127.Final.jar;C:\Users\91973\.m2\repository\io\netty\netty-transport-classes-epoll\4.1.127.Final\netty-transport-classes-epoll-4.1.127.Final.jar;C:\Users\91973\.m2\repository\io\projectreactor\netty\reactor-netty-core\1.2.10\reactor-netty-core-1.2.10.jar;C:\Users\91973\.m2\repository\io\netty\netty-handler-proxy\4.1.127.Final\netty-handler-proxy-4.1.127.Final.jar;C:\Users\91973\.m2\repository\io\netty\netty-codec-socks\4.1.127.Final\netty-codec-socks-4.1.127.Final.jar;C:\Users\91973\.m2\repository\org\springframework\spring-webflux\6.2.11\spring-webflux-6.2.11.jar;C:\Users\91973\.m2\repository\io\projectreactor\reactor-core\3.7.11\reactor-core-3.7.11.jar;C:\Users\91973\.m2\repository\org\reactivestreams\reactive-streams\1.0.4\reactive-streams-1.0.4.jar;C:\Users\91973\.m2\repository\org\springframework\spring-webmvc\6.2.11\spring-webmvc-6.2.11.jar;C:\Users\91973\.m2\repository\org\springframework\spring-beans\6.2.11\spring-beans-6.2.11.jar;C:\Users\91973\.m2\repository\org\springframework\spring-context\6.2.11\spring-context-6.2.11.jar;C:\Users\91973\.m2\repository\org\springframework\spring-expression\6.2.11\spring-expression-6.2.11.jar;C:\Users\91973\.m2\repository\org\springframework\cloud\spring-cloud-starter-openfeign\4.3.0\spring-cloud-starter-openfeign-4.3.0.jar;C:\Users\91973\.m2\repository\org\springframework\cloud\spring-cloud-starter\4.3.0\spring-cloud-starter-4.3.0.jar;C:\Users\91973\.m2\repository\org\springframework\cloud\spring-cloud-context\4.3.0\spring-cloud-context-4.3.0.jar;C:\Users\91973\.m2\repository\org\bouncycastle\bcprov-jdk18on\1.80\bcprov-jdk18on-1.80.jar;C:\Users\91973\.m2\repository\org\springframework\cloud\spring-cloud-openfeign-core\4.3.0\spring-cloud-openfeign-core-4.3.0.jar;C:\Users\91973\.m2\repository\io\github\openfeign\feign-form-spring\13.6\feign-form-spring-13.6.jar;C:\Users\91973\.m2\repository\org\apache\commons\commons-text\1.13.0\commons-text-1.13.0.jar;C:\Users\91973\.m2\repository\io\github\openfeign\feign-form\13.6\feign-form-13.6.jar;C:\Users\91973\.m2\repository\commons-fileupload\commons-fileupload\1.5\commons-fileupload-1.5.jar;C:\Users\91973\.m2\repository\org\springframework\cloud\spring-cloud-commons\4.3.0\spring-cloud-commons-4.3.0.jar;C:\Users\91973\.m2\repository\io\github\openfeign\feign-core\13.6\feign-core-13.6.jar;C:\Users\91973\.m2\repository\io\github\openfeign\feign-slf4j\13.6\feign-slf4j-13.6.jar;C:\Users\91973\.m2\repository\org\springframework\boot\spring-boot-starter-oauth2-client\3.5.6\spring-boot-starter-oauth2-client-3.5.6.jar;C:\Users\91973\.m2\repository\org\springframework\security\spring-security-oauth2-client\6.5.5\spring-security-oauth2-client-6.5.5.jar;C:\Users\91973\.m2\repository\org\springframework\security\spring-security-oauth2-core\6.5.5\spring-security-oauth2-core-6.5.5.jar;C:\Users\91973\.m2\repository\com\nimbusds\oauth2-oidc-sdk\9.43.6\oauth2-oidc-sdk-9.43.6.jar;C:\Users\91973\.m2\repository\com\github\stephenc\jcip\jcip-annotations\1.0-1\jcip-annotations-1.0-1.jar;C:\Users\91973\.m2\repository\com\nimbusds\content-type\2.2\content-type-2.2.jar;C:\Users\91973\.m2\repository\com\nimbusds\lang-tag\1.7\lang-tag-1.7.jar;C:\Users\91973\.m2\repository\org\springframework\security\spring-security-oauth2-jose\6.5.5\spring-security-oauth2-jose-6.5.5.jar;C:\Users\91973\.m2\repository\com\nimbusds\nimbus-jose-jwt\9.37.4\nimbus-jose-jwt-9.37.4.jar
Launcher Type: SUN_STANDARD

[Global flags]
     intx CICompilerCount                          = 4                                         {product} {ergonomic}
     uint ConcGCThreads                            = 3                                         {product} {ergonomic}
     uint G1ConcRefinementThreads                  = 10                                        {product} {ergonomic}
   size_t G1HeapRegionSize                         = 1048576                                   {product} {ergonomic}
    uintx GCDrainStackTargetSize                   = 64                                        {product} {ergonomic}
   size_t InitialHeapSize                          = 123731968                                 {product} {ergonomic}
   size_t MarkStackSize                            = 4194304                                   {product} {ergonomic}
   size_t MaxHeapSize                              = 1973420032                                {product} {ergonomic}
   size_t MaxNewSize                               = 1183842304                                {product} {ergonomic}
   size_t MinHeapDeltaBytes                        = 1048576                                   {product} {ergonomic}
   size_t MinHeapSize                              = 8388608                                   {product} {ergonomic}
    uintx NonNMethodCodeHeapSize                   = 5839372                                {pd product} {ergonomic}
    uintx NonProfiledCodeHeapSize                  = 122909434                              {pd product} {ergonomic}
    uintx ProfiledCodeHeapSize                     = 122909434                              {pd product} {ergonomic}
    uintx ReservedCodeCacheSize                    = 251658240                              {pd product} {ergonomic}
     bool SegmentedCodeCache                       = true                                      {product} {ergonomic}
   size_t SoftMaxHeapSize                          = 1973420032                             {manageable} {ergonomic}
     bool UseCompressedOops                        = true                           {product lp64_product} {ergonomic}
     bool UseG1GC                                  = true                                      {product} {ergonomic}
     bool UseLargePagesIndividualAllocation        = false                                  {pd product} {ergonomic}

Logging:
Log output configuration:
 #0: stdout all=warning uptime,level,tags foldmultilines=false
 #1: stderr all=off uptime,level,tags foldmultilines=false

Environment Variables:
JAVA_HOME=C:\Program Files\Java\jdk-21
PATH=C:\Program Files\Common Files\Oracle\Java\javapath;C:\app\91973\product\21c\dbhomeXE\bin;C:\windows\system32;C:\windows;C:\windows\System32\Wbem;C:\windows\System32\WindowsPowerShell\v1.0\;C:\windows\System32\OpenSSH\;C:\Program Files (x86)\NVIDIA Corporation\PhysX\Common;C:\Program Files\NVIDIA Corporation\NVIDIA NvDLISR;C:\MinGW\bin;C:\Users\91973\OneDrive\Documents\MATLAB\runtime\win64;C:\Users\91973\OneDrive\Documents\MATLAB\bin;C:\WINDOWS\system32;C:\WINDOWS;C:\WINDOWS\System32\Wbem;C:\WINDOWS\System32\WindowsPowerShell\v1.0\;C:\WINDOWS\System32\OpenSSH\;C:\ProgramData\chocolatey\bin;C:\Program Files\MongoDB\Server\6.0\bin;C:\mongodb-database-tools-windows-x86_64-100.7.3\bin;C:\Program Files\MySQL\MySQL Server 8.0\bin;C:\Program Files\HP\HP One Agent;C:\WINDOWS\system32;C:\WINDOWS;C:\WINDOWS\System32\Wbem;C:\WINDOWS\System32\WindowsPowerShell\v1.0\;C:\WINDOWS\System32\OpenSSH\;C:\Program Files\Git\cmd;C:\Program Files\PowerShell\7\;C:\Program Files\Docker\Docker\resources\bin;C:\Users\91973\AppData\Local\nvm;C:\nvm4w\nodejs;C:\Oracle\Middleware\Oracle_Home\bi\bifoundation\server\bin;C:\Oracle\Middleware\Oracle_Home\bin;C:\app\91973\product\21c\dbhomeXE\bin;C:\windows\system32;C:\windows;C:\windows\System32\Wbem;C:\windows\System32\WindowsPowerShell\v1.0\;C:\windows\System32\OpenSSH\;C:\Program Files (x86)\NVIDIA Corporation\PhysX\Common;C:\Program Files\NVIDIA Corporation\NVIDIA NvDLISR;C:\MinGW\bin;C:\Users\91973\OneDrive\Documents\MATLAB\runtime\win64;C:\Users\91973\OneDrive\Documents\MATLAB\bin;C:\WINDOWS\system32;C:\WINDOWS;C:\WINDOWS\System32\Wbem;C:\WINDOWS\System32\WindowsPowerShell\v1.0\;C:\WINDOWS\System32\OpenSSH\;C:\ProgramData\chocolatey\bin;C:\Program Files\MongoDB\Server\6.0\bin;C:\mongodb-database-tools-windows-x86_64-100.7.3\bin;C:\Program Files\MySQL\MySQL Server 8.0\bin;C:\Program Files\HP\HP One Agent;C:\Program Files\PowerShell\7\;C:\Users\91973\AppData\Local\Programs\Python\Python312\Scripts\;C:\Users\91973\AppData\Local\Programs\Python\Python312\;C:\Program Files\MySQL\MySQL Shell 8;C:\Program Files\JetBrains\IntelliJ IDEA 2024.3.2.2\bin;;C:\Users\91973\AppData\Local\Microsoft\WindowsApps;C:\Program Files\JetBrains\IntelliJ IDEA Community Edition 2024.3.3\bin;;C:\Users\91973\apache-maven-3.9.9\bin;C:\Program Files\Java\jdk-21\bin;C:\Users\91973\AppData\Local\Programs\Microsoft VS Code\bin;C:\Users\91973\AppData\Local\nvm;C:\nvm4w\nodejs;C:\Users\91973\AppData\Local\Programs\Hyper\resources\bin
USERNAME=91973
OS=Windows_NT
PROCESSOR_IDENTIFIER=AMD64 Family 25 Model 80 Stepping 0, AuthenticAMD
TMP=C:\Users\91973\AppData\Local\Temp
TEMP=C:\Users\91973\AppData\Local\Temp




Periodic native trim disabled

---------------  S Y S T E M  ---------------

OS:
 Windows 11 , 64 bit Build 26100 (10.0.26100.7309)
OS uptime: 1 days 13:59 hours
Hyper-V role detected

CPU: total 12 (initial active 12) (12 cores per cpu, 2 threads per core) family 25 model 80 stepping 0 microcode 0xa50000d, cx8, cmov, fxsr, ht, mmx, 3dnowpref, sse, sse2, sse3, ssse3, sse4a, sse4.1, sse4.2, popcnt, lzcnt, tsc, tscinvbit, avx, avx2, aes, erms, clmul, bmi1, bmi2, adx, sha, fma, vzeroupper, clflush, clflushopt, hv, rdtscp, rdpid, fsrm, f16c, cet_ss
Processor Information for all 12 processors :
  Max Mhz: 3301, Current Mhz: 3301, Mhz Limit: 3301

Memory: 4k page, system-wide physical 7521M (132M free)
TotalPageFile size 31073M (AvailPageFile size 15M)
current process WorkingSet (physical memory assigned to process): 222M, peak: 311M
current process commit charge ("private bytes"): 359M, peak: 377M

vm_info: Java HotSpot(TM) 64-Bit Server VM (21.0.5+9-LTS-239) for windows-amd64 JRE (21.0.5+9-LTS-239), built on 2024-09-30T05:17:38Z by "mach5one" with MS VC++ 17.6 (VS2022)

END.
